{"/home/travis/build/npmtest/node-npmtest-webpack-dashboard/test.js":{"path":"/home/travis/build/npmtest/node-npmtest-webpack-dashboard/test.js","s":{"1":2,"2":2,"3":2,"4":2,"5":2,"6":2,"7":2,"8":1,"9":2,"10":2,"11":1,"12":1,"13":1,"14":1,"15":2,"16":2,"17":2,"18":2,"19":1,"20":1,"21":2,"22":2,"23":2,"24":1,"25":1,"26":1,"27":1,"28":1,"29":1,"30":1,"31":1,"32":1,"33":1,"34":1,"35":1,"36":1,"37":2,"38":2,"39":1,"40":2,"41":2,"42":1,"43":2,"44":2,"45":1,"46":2,"47":2,"48":1,"49":1,"50":1,"51":1,"52":1},"b":{"1":[2,1,1,1],"2":[1,1,1,1],"3":[1,1],"4":[1,1],"5":[1,1],"6":[1,1],"7":[1,1],"8":[1,1],"9":[1,1,1],"10":[1,1],"11":[1,1],"12":[1,1],"13":[1,1],"14":[1,1],"15":[1,1],"16":[1,1]},"f":{"1":2,"2":2,"3":2,"4":2,"5":2,"6":1,"7":1,"8":2,"9":2,"10":2,"11":2,"12":1},"fnMap":{"1":{"name":"(anonymous_1)","line":12,"loc":{"start":{"line":12,"column":1},"end":{"line":12,"column":13}}},"2":{"name":"(anonymous_2)","line":19,"loc":{"start":{"line":19,"column":5},"end":{"line":19,"column":17}}},"3":{"name":"(anonymous_3)","line":23,"loc":{"start":{"line":23,"column":24},"end":{"line":23,"column":36}}},"4":{"name":"(anonymous_4)","line":61,"loc":{"start":{"line":61,"column":5},"end":{"line":61,"column":17}}},"5":{"name":"(anonymous_5)","line":82,"loc":{"start":{"line":82,"column":5},"end":{"line":82,"column":17}}},"6":{"name":"(anonymous_6)","line":102,"loc":{"start":{"line":102,"column":83},"end":{"line":105,"column":10}},"skip":true},"7":{"name":"(anonymous_7)","line":113,"loc":{"start":{"line":113,"column":77},"end":{"line":116,"column":10}},"skip":true},"8":{"name":"(anonymous_8)","line":129,"loc":{"start":{"line":129,"column":12},"end":{"line":129,"column":40}},"skip":true},"9":{"name":"(anonymous_9)","line":137,"loc":{"start":{"line":137,"column":77},"end":{"line":140,"column":10}},"skip":true},"10":{"name":"(anonymous_10)","line":148,"loc":{"start":{"line":148,"column":83},"end":{"line":151,"column":10}},"skip":true},"11":{"name":"(anonymous_11)","line":159,"loc":{"start":{"line":159,"column":79},"end":{"line":162,"column":10}},"skip":true},"12":{"name":"(anonymous_12)","line":170,"loc":{"start":{"line":170,"column":75},"end":{"line":173,"column":10}},"skip":true}},"statementMap":{"1":{"start":{"line":12,"column":0},"end":{"line":185,"column":5}},"2":{"start":{"line":14,"column":4},"end":{"line":14,"column":14}},"3":{"start":{"line":19,"column":4},"end":{"line":56,"column":9}},"4":{"start":{"line":21,"column":8},"end":{"line":21,"column":19}},"5":{"start":{"line":23,"column":8},"end":{"line":35,"column":13}},"6":{"start":{"line":24,"column":12},"end":{"line":34,"column":13}},"7":{"start":{"line":25,"column":16},"end":{"line":28,"column":30}},"8":{"start":{"line":30,"column":16},"end":{"line":33,"column":27}},"9":{"start":{"line":37,"column":8},"end":{"line":39,"column":21}},"10":{"start":{"line":40,"column":8},"end":{"line":53,"column":9}},"11":{"start":{"line":43,"column":12},"end":{"line":46,"column":14}},"12":{"start":{"line":47,"column":12},"end":{"line":47,"column":18}},"13":{"start":{"line":50,"column":12},"end":{"line":51,"column":46}},"14":{"start":{"line":52,"column":12},"end":{"line":52,"column":18}},"15":{"start":{"line":55,"column":8},"end":{"line":55,"column":35}},"16":{"start":{"line":61,"column":4},"end":{"line":63,"column":9}},"17":{"start":{"line":62,"column":8},"end":{"line":62,"column":15}},"18":{"start":{"line":64,"column":4},"end":{"line":77,"column":5}},"19":{"start":{"line":70,"column":8},"end":{"line":70,"column":14}},"20":{"start":{"line":76,"column":8},"end":{"line":76,"column":14}},"21":{"start":{"line":82,"column":4},"end":{"line":84,"column":9}},"22":{"start":{"line":83,"column":8},"end":{"line":83,"column":15}},"23":{"start":{"line":85,"column":4},"end":{"line":184,"column":5}},"24":{"start":{"line":92,"column":8},"end":{"line":94,"column":63}},"25":{"start":{"line":95,"column":8},"end":{"line":95,"column":14}},"26":{"start":{"line":102,"column":8},"end":{"line":111,"column":10},"skip":true},"27":{"start":{"line":109,"column":12},"end":{"line":109,"column":55},"skip":true},"28":{"start":{"line":110,"column":12},"end":{"line":110,"column":48},"skip":true},"29":{"start":{"line":113,"column":8},"end":{"line":126,"column":10},"skip":true},"30":{"start":{"line":120,"column":12},"end":{"line":120,"column":76},"skip":true},"31":{"start":{"line":121,"column":12},"end":{"line":121,"column":73},"skip":true},"32":{"start":{"line":122,"column":12},"end":{"line":122,"column":74},"skip":true},"33":{"start":{"line":123,"column":12},"end":{"line":123,"column":79},"skip":true},"34":{"start":{"line":124,"column":12},"end":{"line":124,"column":25},"skip":true},"35":{"start":{"line":125,"column":12},"end":{"line":125,"column":45},"skip":true},"36":{"start":{"line":128,"column":8},"end":{"line":135,"column":14},"skip":true},"37":{"start":{"line":133,"column":16},"end":{"line":133,"column":29},"skip":true},"38":{"start":{"line":134,"column":16},"end":{"line":134,"column":55},"skip":true},"39":{"start":{"line":137,"column":8},"end":{"line":146,"column":10},"skip":true},"40":{"start":{"line":144,"column":12},"end":{"line":144,"column":25},"skip":true},"41":{"start":{"line":145,"column":12},"end":{"line":145,"column":45},"skip":true},"42":{"start":{"line":148,"column":8},"end":{"line":157,"column":10},"skip":true},"43":{"start":{"line":155,"column":12},"end":{"line":155,"column":25},"skip":true},"44":{"start":{"line":156,"column":12},"end":{"line":156,"column":48},"skip":true},"45":{"start":{"line":159,"column":8},"end":{"line":168,"column":10},"skip":true},"46":{"start":{"line":166,"column":12},"end":{"line":166,"column":25},"skip":true},"47":{"start":{"line":167,"column":12},"end":{"line":167,"column":46},"skip":true},"48":{"start":{"line":170,"column":8},"end":{"line":179,"column":10},"skip":true},"49":{"start":{"line":177,"column":12},"end":{"line":177,"column":94},"skip":true},"50":{"start":{"line":178,"column":12},"end":{"line":178,"column":48},"skip":true},"51":{"start":{"line":182,"column":8},"end":{"line":182,"column":35},"skip":true},"52":{"start":{"line":183,"column":8},"end":{"line":183,"column":14},"skip":true}},"branchMap":{"1":{"line":25,"type":"binary-expr","locations":[{"start":{"line":25,"column":23},"end":{"line":25,"column":62}},{"start":{"line":26,"column":20},"end":{"line":26,"column":70}},{"start":{"line":27,"column":20},"end":{"line":27,"column":71}},{"start":{"line":28,"column":20},"end":{"line":28,"column":29}}]},"2":{"line":30,"type":"binary-expr","locations":[{"start":{"line":30,"column":23},"end":{"line":30,"column":37}},{"start":{"line":31,"column":20},"end":{"line":31,"column":61}},{"start":{"line":32,"column":20},"end":{"line":32,"column":70}},{"start":{"line":33,"column":20},"end":{"line":33,"column":26}}]},"3":{"line":37,"type":"cond-expr","locations":[{"start":{"line":38,"column":14},"end":{"line":38,"column":20}},{"start":{"line":39,"column":14},"end":{"line":39,"column":20}}]},"4":{"line":40,"type":"switch","locations":[{"start":{"line":42,"column":8},"end":{"line":47,"column":18}},{"start":{"line":49,"column":8},"end":{"line":52,"column":18}}]},"5":{"line":44,"type":"binary-expr","locations":[{"start":{"line":44,"column":16},"end":{"line":44,"column":44}},{"start":{"line":44,"column":48},"end":{"line":44,"column":66}}]},"6":{"line":50,"type":"binary-expr","locations":[{"start":{"line":50,"column":21},"end":{"line":50,"column":49}},{"start":{"line":50,"column":53},"end":{"line":50,"column":72}}]},"7":{"line":64,"type":"switch","locations":[{"start":{"line":69,"column":4},"end":{"line":70,"column":14}},{"start":{"line":75,"column":4},"end":{"line":76,"column":14}}]},"8":{"line":85,"type":"switch","locations":[{"start":{"line":90,"column":4},"end":{"line":95,"column":14}},{"start":{"line":101,"column":4},"end":{"line":183,"column":14},"skip":true}]},"9":{"line":92,"type":"binary-expr","locations":[{"start":{"line":92,"column":18},"end":{"line":92,"column":32}},{"start":{"line":93,"column":12},"end":{"line":93,"column":53}},{"start":{"line":94,"column":12},"end":{"line":94,"column":61}}]},"10":{"line":102,"type":"binary-expr","locations":[{"start":{"line":102,"column":45},"end":{"line":102,"column":79},"skip":true},{"start":{"line":102,"column":83},"end":{"line":111,"column":9},"skip":true}]},"11":{"line":113,"type":"binary-expr","locations":[{"start":{"line":113,"column":42},"end":{"line":113,"column":73},"skip":true},{"start":{"line":113,"column":77},"end":{"line":126,"column":9},"skip":true}]},"12":{"line":128,"type":"binary-expr","locations":[{"start":{"line":128,"column":48},"end":{"line":128,"column":85},"skip":true},{"start":{"line":129,"column":12},"end":{"line":135,"column":13},"skip":true}]},"13":{"line":137,"type":"binary-expr","locations":[{"start":{"line":137,"column":42},"end":{"line":137,"column":73},"skip":true},{"start":{"line":137,"column":77},"end":{"line":146,"column":9},"skip":true}]},"14":{"line":148,"type":"binary-expr","locations":[{"start":{"line":148,"column":45},"end":{"line":148,"column":79},"skip":true},{"start":{"line":148,"column":83},"end":{"line":157,"column":9},"skip":true}]},"15":{"line":159,"type":"binary-expr","locations":[{"start":{"line":159,"column":43},"end":{"line":159,"column":75},"skip":true},{"start":{"line":159,"column":79},"end":{"line":168,"column":9},"skip":true}]},"16":{"line":170,"type":"binary-expr","locations":[{"start":{"line":170,"column":41},"end":{"line":170,"column":71},"skip":true},{"start":{"line":170,"column":75},"end":{"line":179,"column":9},"skip":true}]}},"code":["/* istanbul instrument in package npmtest_webpack_dashboard */","/*jslint","    bitwise: true,","    browser: true,","    maxerr: 8,","    maxlen: 96,","    node: true,","    nomen: true,","    regexp: true,","    stupid: true","*/","(function () {","    'use strict';","    var local;","","","","    // run shared js-env code - pre-init","    (function () {","        // init local","        local = {};","        // init modeJs","        local.modeJs = (function () {","            try {","                return typeof navigator.userAgent === 'string' &&","                    typeof document.querySelector('body') === 'object' &&","                    typeof XMLHttpRequest.prototype.open === 'function' &&","                    'browser';","            } catch (errorCaughtBrowser) {","                return module.exports &&","                    typeof process.versions.node === 'string' &&","                    typeof require('http').createServer === 'function' &&","                    'node';","            }","        }());","        // init global","        local.global = local.modeJs === 'browser'","            ? window","            : global;","        switch (local.modeJs) {","        // re-init local from window.local","        case 'browser':","            local = local.global.utility2.objectSetDefault(","                local.global.utility2_rollup || local.global.local,","                local.global.utility2","            );","            break;","        // re-init local from example.js","        case 'node':","            local = (local.global.utility2_rollup || require('utility2'))","                .requireExampleJsFromReadme();","            break;","        }","        // export local","        local.global.local = local;","    }());","","","","    // run shared js-env code - function","    (function () {","        return;","    }());","    switch (local.modeJs) {","","","","    // run browser js-env code - function","    case 'browser':","        break;","","","","    // run node js-env code - function","    case 'node':","        break;","    }","","","","    // run shared js-env code - post-init","    (function () {","        return;","    }());","    switch (local.modeJs) {","","","","    // run browser js-env code - post-init","    case 'browser':","        // run tests","        local.nop(local.modeTest &&","            document.querySelector('#testRunButton1') &&","            document.querySelector('#testRunButton1').click());","        break;","","","","    // run node js-env code - post-init","    /* istanbul ignore next */","    case 'node':","        local.testCase_buildApidoc_default = local.testCase_buildApidoc_default || function (","            options,","            onError","        ) {","        /*","         * this function will test buildApidoc's default handling-behavior-behavior","         */","            options = { modulePathList: module.paths };","            local.buildApidoc(options, onError);","        };","","        local.testCase_buildApp_default = local.testCase_buildApp_default || function (","            options,","            onError","        ) {","        /*","         * this function will test buildApp's default handling-behavior-behavior","         */","            local.testCase_buildReadme_default(options, local.onErrorThrow);","            local.testCase_buildLib_default(options, local.onErrorThrow);","            local.testCase_buildTest_default(options, local.onErrorThrow);","            local.testCase_buildCustomOrg_default(options, local.onErrorThrow);","            options = [];","            local.buildApp(options, onError);","        };","","        local.testCase_buildCustomOrg_default = local.testCase_buildCustomOrg_default ||","            function (options, onError) {","            /*","             * this function will test buildCustomOrg's default handling-behavior","             */","                options = {};","                local.buildCustomOrg(options, onError);","            };","","        local.testCase_buildLib_default = local.testCase_buildLib_default || function (","            options,","            onError","        ) {","        /*","         * this function will test buildLib's default handling-behavior","         */","            options = {};","            local.buildLib(options, onError);","        };","","        local.testCase_buildReadme_default = local.testCase_buildReadme_default || function (","            options,","            onError","        ) {","        /*","         * this function will test buildReadme's default handling-behavior-behavior","         */","            options = {};","            local.buildReadme(options, onError);","        };","","        local.testCase_buildTest_default = local.testCase_buildTest_default || function (","            options,","            onError","        ) {","        /*","         * this function will test buildTest's default handling-behavior","         */","            options = {};","            local.buildTest(options, onError);","        };","","        local.testCase_webpage_default = local.testCase_webpage_default || function (","            options,","            onError","        ) {","        /*","         * this function will test webpage's default handling-behavior","         */","            options = { modeCoverageMerge: true, url: local.serverLocalHost + '?modeTest=1' };","            local.browserTest(options, onError);","        };","","        // run test-server","        local.testRunServer(local);","        break;","    }","}());",""],"l":{"12":2,"14":2,"19":2,"21":2,"23":2,"24":2,"25":2,"30":1,"37":2,"40":2,"43":1,"47":1,"50":1,"52":1,"55":2,"61":2,"62":2,"64":2,"70":1,"76":1,"82":2,"83":2,"85":2,"92":1,"95":1,"102":1,"109":1,"110":1,"113":1,"120":1,"121":1,"122":1,"123":1,"124":1,"125":1,"128":1,"133":2,"134":2,"137":1,"144":2,"145":2,"148":1,"155":2,"156":2,"159":1,"166":2,"167":2,"170":1,"177":1,"178":1,"182":1,"183":1}},"/home/travis/build/npmtest/node-npmtest-webpack-dashboard/lib.npmtest_webpack_dashboard.js":{"path":"/home/travis/build/npmtest/node-npmtest-webpack-dashboard/lib.npmtest_webpack_dashboard.js","s":{"1":2,"2":2,"3":2,"4":2,"5":2,"6":2,"7":2,"8":1,"9":2,"10":2,"11":2,"12":2,"13":1,"14":1,"15":1,"16":1},"b":{"1":[2,1,1,1],"2":[1,1,1,1],"3":[1,1],"4":[2,2],"5":[1,1]},"f":{"1":2,"2":2,"3":2},"fnMap":{"1":{"name":"(anonymous_1)","line":12,"loc":{"start":{"line":12,"column":1},"end":{"line":12,"column":13}}},"2":{"name":"(anonymous_2)","line":19,"loc":{"start":{"line":19,"column":5},"end":{"line":19,"column":17}}},"3":{"name":"(anonymous_3)","line":23,"loc":{"start":{"line":23,"column":24},"end":{"line":23,"column":36}}}},"statementMap":{"1":{"start":{"line":12,"column":0},"end":{"line":53,"column":5}},"2":{"start":{"line":14,"column":4},"end":{"line":14,"column":14}},"3":{"start":{"line":19,"column":4},"end":{"line":52,"column":9}},"4":{"start":{"line":21,"column":8},"end":{"line":21,"column":19}},"5":{"start":{"line":23,"column":8},"end":{"line":35,"column":13}},"6":{"start":{"line":24,"column":12},"end":{"line":34,"column":13}},"7":{"start":{"line":25,"column":16},"end":{"line":28,"column":30}},"8":{"start":{"line":30,"column":16},"end":{"line":33,"column":27}},"9":{"start":{"line":37,"column":8},"end":{"line":39,"column":21}},"10":{"start":{"line":41,"column":8},"end":{"line":41,"column":54}},"11":{"start":{"line":43,"column":8},"end":{"line":43,"column":62}},"12":{"start":{"line":45,"column":8},"end":{"line":51,"column":9}},"13":{"start":{"line":46,"column":12},"end":{"line":46,"column":68}},"14":{"start":{"line":48,"column":12},"end":{"line":48,"column":35}},"15":{"start":{"line":49,"column":12},"end":{"line":49,"column":49}},"16":{"start":{"line":50,"column":12},"end":{"line":50,"column":43}}},"branchMap":{"1":{"line":25,"type":"binary-expr","locations":[{"start":{"line":25,"column":23},"end":{"line":25,"column":62}},{"start":{"line":26,"column":20},"end":{"line":26,"column":70}},{"start":{"line":27,"column":20},"end":{"line":27,"column":71}},{"start":{"line":28,"column":20},"end":{"line":28,"column":29}}]},"2":{"line":30,"type":"binary-expr","locations":[{"start":{"line":30,"column":23},"end":{"line":30,"column":37}},{"start":{"line":31,"column":20},"end":{"line":31,"column":61}},{"start":{"line":32,"column":20},"end":{"line":32,"column":70}},{"start":{"line":33,"column":20},"end":{"line":33,"column":26}}]},"3":{"line":37,"type":"cond-expr","locations":[{"start":{"line":38,"column":14},"end":{"line":38,"column":20}},{"start":{"line":39,"column":14},"end":{"line":39,"column":20}}]},"4":{"line":41,"type":"binary-expr","locations":[{"start":{"line":41,"column":16},"end":{"line":41,"column":44}},{"start":{"line":41,"column":48},"end":{"line":41,"column":53}}]},"5":{"line":45,"type":"if","locations":[{"start":{"line":45,"column":8},"end":{"line":45,"column":8}},{"start":{"line":45,"column":8},"end":{"line":45,"column":8}}]}},"code":["/* istanbul instrument in package npmtest_webpack_dashboard */","/*jslint","    bitwise: true,","    browser: true,","    maxerr: 8,","    maxlen: 96,","    node: true,","    nomen: true,","    regexp: true,","    stupid: true","*/","(function () {","    'use strict';","    var local;","","","","    // run shared js-env code - pre-init","    (function () {","        // init local","        local = {};","        // init modeJs","        local.modeJs = (function () {","            try {","                return typeof navigator.userAgent === 'string' &&","                    typeof document.querySelector('body') === 'object' &&","                    typeof XMLHttpRequest.prototype.open === 'function' &&","                    'browser';","            } catch (errorCaughtBrowser) {","                return module.exports &&","                    typeof process.versions.node === 'string' &&","                    typeof require('http').createServer === 'function' &&","                    'node';","            }","        }());","        // init global","        local.global = local.modeJs === 'browser'","            ? window","            : global;","        // init utility2_rollup","        local = local.global.utility2_rollup || local;","        // init lib","        local.local = local.npmtest_webpack_dashboard = local;","        // init exports","        if (local.modeJs === 'browser') {","            local.global.utility2_npmtest_webpack_dashboard = local;","        } else {","            module.exports = local;","            module.exports.__dirname = __dirname;","            module.exports.module = module;","        }","    }());","}());",""],"l":{"12":2,"14":2,"19":2,"21":2,"23":2,"24":2,"25":2,"30":1,"37":2,"41":2,"43":2,"45":2,"46":1,"48":1,"49":1,"50":1}},"/home/travis/build/npmtest/node-npmtest-webpack-dashboard/example.js":{"path":"/home/travis/build/npmtest/node-npmtest-webpack-dashboard/example.js","s":{"1":2,"2":2,"3":2,"4":2,"5":2,"6":2,"7":2,"8":1,"9":2,"10":2,"11":2,"12":2,"13":1,"14":2,"15":2,"16":2,"17":2,"18":2,"19":0,"20":2,"21":1,"22":1,"23":1,"24":1,"25":1,"26":0,"27":0,"28":1,"29":1,"30":2,"31":0,"32":0,"33":0,"34":1,"35":2,"36":2,"37":2,"38":2,"39":2,"40":2,"41":0,"42":2,"43":2,"44":2,"45":1,"46":3,"47":1,"48":1,"49":1,"50":1,"51":1,"52":1,"53":1,"54":1,"55":1,"56":1,"57":0,"58":1,"59":6,"60":6,"61":1,"62":2,"63":0,"64":2,"65":1,"66":1,"67":0,"68":0,"69":0,"70":0,"71":0,"72":0,"73":0,"74":0,"75":0,"76":0,"77":0,"78":0,"79":0,"80":0,"81":0,"82":0,"83":0},"b":{"1":[2,1,1,1],"2":[1,1,1,1],"3":[1,1],"4":[2,2],"5":[1,1],"6":[1,1],"7":[2,0],"8":[2,1,1,1,1,1],"9":[0,2,0],"10":[1,1],"11":[2,1,1],"12":[1,0],"13":[0,2],"14":[2,0,0,0,0,0,0],"15":[0,2],"16":[2,0],"17":[1,1],"18":[0,1],"19":[1,2,0,2],"20":[1,0],"21":[1,1],"22":[0,0],"23":[0,0],"24":[0,0],"25":[0,0],"26":[0,0],"27":[0,0],"28":[0,0]},"f":{"1":2,"2":2,"3":2,"4":2,"5":2,"6":2,"7":2,"8":2,"9":3,"10":1,"11":6,"12":0},"fnMap":{"1":{"name":"(anonymous_1)","line":26,"loc":{"start":{"line":26,"column":1},"end":{"line":26,"column":13}}},"2":{"name":"(anonymous_2)","line":33,"loc":{"start":{"line":33,"column":5},"end":{"line":33,"column":17}}},"3":{"name":"(anonymous_3)","line":37,"loc":{"start":{"line":37,"column":24},"end":{"line":37,"column":36}}},"4":{"name":"(anonymous_4)","line":69,"loc":{"start":{"line":69,"column":31},"end":{"line":69,"column":48}},"skip":true},"5":{"name":"(anonymous_5)","line":78,"loc":{"start":{"line":78,"column":26},"end":{"line":78,"column":45}},"skip":true},"6":{"name":"(anonymous_6)","line":123,"loc":{"start":{"line":123,"column":33},"end":{"line":123,"column":48}},"skip":true},"7":{"name":"(anonymous_7)","line":125,"loc":{"start":{"line":125,"column":27},"end":{"line":125,"column":39}},"skip":true},"8":{"name":"(anonymous_8)","line":133,"loc":{"start":{"line":133,"column":59},"end":{"line":133,"column":74}},"skip":true},"9":{"name":"(anonymous_9)","line":143,"loc":{"start":{"line":143,"column":45},"end":{"line":143,"column":62}},"skip":true},"10":{"name":"(anonymous_10)","line":144,"loc":{"start":{"line":144,"column":73},"end":{"line":144,"column":92}},"skip":true},"11":{"name":"(anonymous_11)","line":272,"loc":{"start":{"line":272,"column":51},"end":{"line":272,"column":77}},"skip":true},"12":{"name":"(anonymous_12)","line":314,"loc":{"start":{"line":314,"column":32},"end":{"line":314,"column":61}},"skip":true}},"statementMap":{"1":{"start":{"line":26,"column":0},"end":{"line":325,"column":5}},"2":{"start":{"line":28,"column":4},"end":{"line":28,"column":14}},"3":{"start":{"line":33,"column":4},"end":{"line":60,"column":9}},"4":{"start":{"line":35,"column":8},"end":{"line":35,"column":19}},"5":{"start":{"line":37,"column":8},"end":{"line":49,"column":13}},"6":{"start":{"line":38,"column":12},"end":{"line":48,"column":13}},"7":{"start":{"line":39,"column":16},"end":{"line":42,"column":30}},"8":{"start":{"line":44,"column":16},"end":{"line":47,"column":27}},"9":{"start":{"line":51,"column":8},"end":{"line":53,"column":21}},"10":{"start":{"line":55,"column":8},"end":{"line":57,"column":45}},"11":{"start":{"line":59,"column":8},"end":{"line":59,"column":35}},"12":{"start":{"line":61,"column":4},"end":{"line":324,"column":5}},"13":{"start":{"line":69,"column":8},"end":{"line":121,"column":10},"skip":true},"14":{"start":{"line":70,"column":12},"end":{"line":88,"column":13},"skip":true},"15":{"start":{"line":76,"column":16},"end":{"line":87,"column":19},"skip":true},"16":{"start":{"line":79,"column":20},"end":{"line":86,"column":21},"skip":true},"17":{"start":{"line":82,"column":24},"end":{"line":82,"column":43},"skip":true},"18":{"start":{"line":83,"column":24},"end":{"line":83,"column":30},"skip":true},"19":{"start":{"line":85,"column":24},"end":{"line":85,"column":49},"skip":true},"20":{"start":{"line":89,"column":12},"end":{"line":107,"column":13},"skip":true},"21":{"start":{"line":92,"column":16},"end":{"line":102,"column":17},"skip":true},"22":{"start":{"line":93,"column":20},"end":{"line":93,"column":86},"skip":true},"23":{"start":{"line":94,"column":20},"end":{"line":95,"column":45},"skip":true},"24":{"start":{"line":96,"column":20},"end":{"line":96,"column":42},"skip":true},"25":{"start":{"line":97,"column":20},"end":{"line":97,"column":48},"skip":true},"26":{"start":{"line":100,"column":20},"end":{"line":100,"column":85},"skip":true},"27":{"start":{"line":101,"column":20},"end":{"line":101,"column":96},"skip":true},"28":{"start":{"line":103,"column":16},"end":{"line":103,"column":22},"skip":true},"29":{"start":{"line":106,"column":16},"end":{"line":106,"column":22},"skip":true},"30":{"start":{"line":108,"column":12},"end":{"line":120,"column":13},"skip":true},"31":{"start":{"line":114,"column":16},"end":{"line":119,"column":17},"skip":true},"32":{"start":{"line":116,"column":20},"end":{"line":116,"column":78},"skip":true},"33":{"start":{"line":118,"column":20},"end":{"line":118,"column":47},"skip":true},"34":{"start":{"line":123,"column":8},"end":{"line":141,"column":11},"skip":true},"35":{"start":{"line":124,"column":12},"end":{"line":124,"column":54},"skip":true},"36":{"start":{"line":125,"column":12},"end":{"line":140,"column":14},"skip":true},"37":{"start":{"line":126,"column":16},"end":{"line":126,"column":28},"skip":true},"38":{"start":{"line":127,"column":16},"end":{"line":127,"column":69},"skip":true},"39":{"start":{"line":128,"column":16},"end":{"line":128,"column":75},"skip":true},"40":{"start":{"line":129,"column":16},"end":{"line":131,"column":17},"skip":true},"41":{"start":{"line":130,"column":20},"end":{"line":130,"column":27},"skip":true},"42":{"start":{"line":133,"column":16},"end":{"line":137,"column":36},"skip":true},"43":{"start":{"line":134,"column":20},"end":{"line":136,"column":55},"skip":true},"44":{"start":{"line":139,"column":16},"end":{"line":139,"column":57},"skip":true},"45":{"start":{"line":143,"column":8},"end":{"line":147,"column":11},"skip":true},"46":{"start":{"line":144,"column":12},"end":{"line":146,"column":15},"skip":true},"47":{"start":{"line":145,"column":16},"end":{"line":145,"column":70},"skip":true},"48":{"start":{"line":149,"column":8},"end":{"line":149,"column":31},"skip":true},"49":{"start":{"line":150,"column":8},"end":{"line":150,"column":14},"skip":true},"50":{"start":{"line":158,"column":8},"end":{"line":158,"column":31},"skip":true},"51":{"start":{"line":160,"column":8},"end":{"line":160,"column":33},"skip":true},"52":{"start":{"line":161,"column":8},"end":{"line":161,"column":37},"skip":true},"53":{"start":{"line":162,"column":8},"end":{"line":162,"column":35},"skip":true},"54":{"start":{"line":164,"column":8},"end":{"line":164,"column":50},"skip":true},"55":{"start":{"line":166,"column":8},"end":{"line":256,"column":2},"skip":true},"56":{"start":{"line":258,"column":8},"end":{"line":286,"column":9},"skip":true},"57":{"start":{"line":259,"column":12},"end":{"line":269,"column":14},"skip":true},"58":{"start":{"line":271,"column":12},"end":{"line":285,"column":19},"skip":true},"59":{"start":{"line":274,"column":20},"end":{"line":274,"column":35},"skip":true},"60":{"start":{"line":275,"column":20},"end":{"line":284,"column":21},"skip":true},"61":{"start":{"line":277,"column":24},"end":{"line":277,"column":64},"skip":true},"62":{"start":{"line":279,"column":24},"end":{"line":279,"column":40},"skip":true},"63":{"start":{"line":281,"column":24},"end":{"line":281,"column":40},"skip":true},"64":{"start":{"line":283,"column":24},"end":{"line":283,"column":39},"skip":true},"65":{"start":{"line":288,"column":8},"end":{"line":290,"column":9},"skip":true},"66":{"start":{"line":289,"column":12},"end":{"line":289,"column":18},"skip":true},"67":{"start":{"line":291,"column":8},"end":{"line":293,"column":54},"skip":true},"68":{"start":{"line":294,"column":8},"end":{"line":301,"column":37},"skip":true},"69":{"start":{"line":302,"column":8},"end":{"line":302,"column":82},"skip":true},"70":{"start":{"line":305,"column":8},"end":{"line":307,"column":9},"skip":true},"71":{"start":{"line":306,"column":12},"end":{"line":306,"column":82},"skip":true},"72":{"start":{"line":309,"column":8},"end":{"line":311,"column":9},"skip":true},"73":{"start":{"line":310,"column":12},"end":{"line":310,"column":18},"skip":true},"74":{"start":{"line":312,"column":8},"end":{"line":312,"column":54},"skip":true},"75":{"start":{"line":313,"column":8},"end":{"line":313,"column":69},"skip":true},"76":{"start":{"line":314,"column":8},"end":{"line":322,"column":36},"skip":true},"77":{"start":{"line":315,"column":12},"end":{"line":315,"column":61},"skip":true},"78":{"start":{"line":316,"column":12},"end":{"line":319,"column":13},"skip":true},"79":{"start":{"line":317,"column":16},"end":{"line":317,"column":75},"skip":true},"80":{"start":{"line":318,"column":16},"end":{"line":318,"column":23},"skip":true},"81":{"start":{"line":320,"column":12},"end":{"line":320,"column":38},"skip":true},"82":{"start":{"line":321,"column":12},"end":{"line":321,"column":27},"skip":true},"83":{"start":{"line":323,"column":8},"end":{"line":323,"column":14},"skip":true}},"branchMap":{"1":{"line":39,"type":"binary-expr","locations":[{"start":{"line":39,"column":23},"end":{"line":39,"column":62}},{"start":{"line":40,"column":20},"end":{"line":40,"column":70}},{"start":{"line":41,"column":20},"end":{"line":41,"column":71}},{"start":{"line":42,"column":20},"end":{"line":42,"column":29}}]},"2":{"line":44,"type":"binary-expr","locations":[{"start":{"line":44,"column":23},"end":{"line":44,"column":37}},{"start":{"line":45,"column":20},"end":{"line":45,"column":61}},{"start":{"line":46,"column":20},"end":{"line":46,"column":70}},{"start":{"line":47,"column":20},"end":{"line":47,"column":26}}]},"3":{"line":51,"type":"cond-expr","locations":[{"start":{"line":52,"column":14},"end":{"line":52,"column":20}},{"start":{"line":53,"column":14},"end":{"line":53,"column":20}}]},"4":{"line":55,"type":"binary-expr","locations":[{"start":{"line":55,"column":16},"end":{"line":55,"column":44}},{"start":{"line":55,"column":49},"end":{"line":57,"column":43}}]},"5":{"line":55,"type":"cond-expr","locations":[{"start":{"line":56,"column":14},"end":{"line":56,"column":61}},{"start":{"line":57,"column":14},"end":{"line":57,"column":43}}]},"6":{"line":61,"type":"switch","locations":[{"start":{"line":68,"column":4},"end":{"line":150,"column":14},"skip":true},{"start":{"line":156,"column":4},"end":{"line":323,"column":14},"skip":true}]},"7":{"line":70,"type":"if","locations":[{"start":{"line":70,"column":12},"end":{"line":70,"column":12},"skip":true},{"start":{"line":70,"column":12},"end":{"line":70,"column":12},"skip":true}]},"8":{"line":70,"type":"binary-expr","locations":[{"start":{"line":70,"column":16},"end":{"line":70,"column":22},"skip":true},{"start":{"line":70,"column":27},"end":{"line":70,"column":32},"skip":true},{"start":{"line":71,"column":20},"end":{"line":71,"column":39},"skip":true},{"start":{"line":72,"column":20},"end":{"line":72,"column":49},"skip":true},{"start":{"line":73,"column":20},"end":{"line":73,"column":58},"skip":true},{"start":{"line":74,"column":20},"end":{"line":74,"column":69},"skip":true}]},"9":{"line":79,"type":"switch","locations":[{"start":{"line":80,"column":20},"end":{"line":80,"column":33},"skip":true},{"start":{"line":81,"column":20},"end":{"line":83,"column":30},"skip":true},{"start":{"line":84,"column":20},"end":{"line":85,"column":49},"skip":true}]},"10":{"line":89,"type":"switch","locations":[{"start":{"line":90,"column":12},"end":{"line":103,"column":22},"skip":true},{"start":{"line":105,"column":12},"end":{"line":106,"column":22},"skip":true}]},"11":{"line":89,"type":"binary-expr","locations":[{"start":{"line":89,"column":20},"end":{"line":89,"column":25},"skip":true},{"start":{"line":89,"column":29},"end":{"line":89,"column":48},"skip":true},{"start":{"line":89,"column":52},"end":{"line":89,"column":74},"skip":true}]},"12":{"line":92,"type":"if","locations":[{"start":{"line":92,"column":16},"end":{"line":92,"column":16},"skip":true},{"start":{"line":92,"column":16},"end":{"line":92,"column":16},"skip":true}]},"13":{"line":108,"type":"if","locations":[{"start":{"line":108,"column":12},"end":{"line":108,"column":12},"skip":true},{"start":{"line":108,"column":12},"end":{"line":108,"column":12},"skip":true}]},"14":{"line":108,"type":"binary-expr","locations":[{"start":{"line":108,"column":16},"end":{"line":108,"column":61},"skip":true},{"start":{"line":108,"column":66},"end":{"line":108,"column":72},"skip":true},{"start":{"line":108,"column":77},"end":{"line":108,"column":82},"skip":true},{"start":{"line":109,"column":20},"end":{"line":109,"column":39},"skip":true},{"start":{"line":110,"column":20},"end":{"line":110,"column":49},"skip":true},{"start":{"line":111,"column":20},"end":{"line":111,"column":58},"skip":true},{"start":{"line":112,"column":20},"end":{"line":112,"column":68},"skip":true}]},"15":{"line":129,"type":"if","locations":[{"start":{"line":129,"column":16},"end":{"line":129,"column":16},"skip":true},{"start":{"line":129,"column":16},"end":{"line":129,"column":16},"skip":true}]},"16":{"line":134,"type":"cond-expr","locations":[{"start":{"line":135,"column":26},"end":{"line":135,"column":29},"skip":true},{"start":{"line":136,"column":26},"end":{"line":136,"column":54},"skip":true}]},"17":{"line":164,"type":"binary-expr","locations":[{"start":{"line":164,"column":27},"end":{"line":164,"column":43},"skip":true},{"start":{"line":164,"column":47},"end":{"line":164,"column":49},"skip":true}]},"18":{"line":258,"type":"if","locations":[{"start":{"line":258,"column":8},"end":{"line":258,"column":8},"skip":true},{"start":{"line":258,"column":8},"end":{"line":258,"column":8},"skip":true}]},"19":{"line":275,"type":"switch","locations":[{"start":{"line":276,"column":20},"end":{"line":277,"column":64},"skip":true},{"start":{"line":278,"column":20},"end":{"line":279,"column":40},"skip":true},{"start":{"line":280,"column":20},"end":{"line":281,"column":40},"skip":true},{"start":{"line":282,"column":20},"end":{"line":283,"column":39},"skip":true}]},"20":{"line":288,"type":"if","locations":[{"start":{"line":288,"column":8},"end":{"line":288,"column":8},"skip":true},{"start":{"line":288,"column":8},"end":{"line":288,"column":8},"skip":true}]},"21":{"line":288,"type":"binary-expr","locations":[{"start":{"line":288,"column":12},"end":{"line":288,"column":40},"skip":true},{"start":{"line":288,"column":44},"end":{"line":288,"column":67},"skip":true}]},"22":{"line":292,"type":"binary-expr","locations":[{"start":{"line":292,"column":12},"end":{"line":292,"column":50},"skip":true},{"start":{"line":293,"column":12},"end":{"line":293,"column":53},"skip":true}]},"23":{"line":295,"type":"binary-expr","locations":[{"start":{"line":295,"column":12},"end":{"line":295,"column":75},"skip":true},{"start":{"line":296,"column":12},"end":{"line":301,"column":36},"skip":true}]},"24":{"line":302,"type":"binary-expr","locations":[{"start":{"line":302,"column":43},"end":{"line":302,"column":75},"skip":true},{"start":{"line":302,"column":79},"end":{"line":302,"column":81},"skip":true}]},"25":{"line":305,"type":"if","locations":[{"start":{"line":305,"column":8},"end":{"line":305,"column":8},"skip":true},{"start":{"line":305,"column":8},"end":{"line":305,"column":8},"skip":true}]},"26":{"line":309,"type":"if","locations":[{"start":{"line":309,"column":8},"end":{"line":309,"column":8},"skip":true},{"start":{"line":309,"column":8},"end":{"line":309,"column":8},"skip":true}]},"27":{"line":312,"type":"binary-expr","locations":[{"start":{"line":312,"column":27},"end":{"line":312,"column":43},"skip":true},{"start":{"line":312,"column":47},"end":{"line":312,"column":53},"skip":true}]},"28":{"line":316,"type":"if","locations":[{"start":{"line":316,"column":12},"end":{"line":316,"column":12},"skip":true},{"start":{"line":316,"column":12},"end":{"line":316,"column":12},"skip":true}]}},"code":["/*","example.js","","quickstart example","","instruction","    1. save this script as example.js","    2. run the shell command:","        $ npm install npmtest-webpack-dashboard && PORT=8081 node example.js","    3. play with the browser-demo on http://127.0.0.1:8081","*/","","","","/* istanbul instrument in package npmtest_webpack_dashboard */","/*jslint","    bitwise: true,","    browser: true,","    maxerr: 8,","    maxlen: 96,","    node: true,","    nomen: true,","    regexp: true,","    stupid: true","*/","(function () {","    'use strict';","    var local;","","","","    // run shared js-env code - pre-init","    (function () {","        // init local","        local = {};","        // init modeJs","        local.modeJs = (function () {","            try {","                return typeof navigator.userAgent === 'string' &&","                    typeof document.querySelector('body') === 'object' &&","                    typeof XMLHttpRequest.prototype.open === 'function' &&","                    'browser';","            } catch (errorCaughtBrowser) {","                return module.exports &&","                    typeof process.versions.node === 'string' &&","                    typeof require('http').createServer === 'function' &&","                    'node';","            }","        }());","        // init global","        local.global = local.modeJs === 'browser'","            ? window","            : global;","        // init utility2_rollup","        local = local.global.utility2_rollup || (local.modeJs === 'browser'","            ? local.global.utility2_npmtest_webpack_dashboard","            : global.utility2_moduleExports);","        // export local","        local.global.local = local;","    }());","    switch (local.modeJs) {","","","","    // post-init","    // run browser js-env code - post-init","    /* istanbul ignore next */","    case 'browser':","        local.testRunBrowser = function (event) {","            if (!event || (event &&","                    event.currentTarget &&","                    event.currentTarget.className &&","                    event.currentTarget.className.includes &&","                    event.currentTarget.className.includes('onreset'))) {","                // reset output","                Array.from(","                    document.querySelectorAll('body > .resettable')","                ).forEach(function (element) {","                    switch (element.tagName) {","                    case 'INPUT':","                    case 'TEXTAREA':","                        element.value = '';","                        break;","                    default:","                        element.textContent = '';","                    }","                });","            }","            switch (event && event.currentTarget && event.currentTarget.id) {","            case 'testRunButton1':","                // show tests","                if (document.querySelector('#testReportDiv1').style.display === 'none') {","                    document.querySelector('#testReportDiv1').style.display = 'block';","                    document.querySelector('#testRunButton1').textContent =","                        'hide internal test';","                    local.modeTest = true;","                    local.testRunDefault(local);","                // hide tests","                } else {","                    document.querySelector('#testReportDiv1').style.display = 'none';","                    document.querySelector('#testRunButton1').textContent = 'run internal test';","                }","                break;","            // custom-case","            default:","                break;","            }","            if (document.querySelector('#inputTextareaEval1') && (!event || (event &&","                    event.currentTarget &&","                    event.currentTarget.className &&","                    event.currentTarget.className.includes &&","                    event.currentTarget.className.includes('oneval')))) {","                // try to eval input-code","                try {","                    /*jslint evil: true*/","                    eval(document.querySelector('#inputTextareaEval1').value);","                } catch (errorCaught) {","                    console.error(errorCaught);","                }","            }","        };","        // log stderr and stdout to #outputTextareaStdout1","        ['error', 'log'].forEach(function (key) {","            console[key + '_original'] = console[key];","            console[key] = function () {","                var element;","                console[key + '_original'].apply(console, arguments);","                element = document.querySelector('#outputTextareaStdout1');","                if (!element) {","                    return;","                }","                // append text to #outputTextareaStdout1","                element.value += Array.from(arguments).map(function (arg) {","                    return typeof arg === 'string'","                        ? arg","                        : JSON.stringify(arg, null, 4);","                }).join(' ') + '\\n';","                // scroll textarea to bottom","                element.scrollTop = element.scrollHeight;","            };","        });","        // init event-handling","        ['change', 'click', 'keyup'].forEach(function (event) {","            Array.from(document.querySelectorAll('.on' + event)).forEach(function (element) {","                element.addEventListener(event, local.testRunBrowser);","            });","        });","        // run tests","        local.testRunBrowser();","        break;","","","","    // run node js-env code - post-init","    /* istanbul ignore next */","    case 'node':","        // export local","        module.exports = local;","        // require modules","        local.fs = require('fs');","        local.http = require('http');","        local.url = require('url');","        // init assets","        local.assetsDict = local.assetsDict || {};","        /* jslint-ignore-begin */","        local.assetsDict['/assets.index.template.html'] = '\\","<!doctype html>\\n\\","<html lang=\"en\">\\n\\","<head>\\n\\","<meta charset=\"UTF-8\">\\n\\","<meta name=\"viewport\" content=\"width=device-width, initial-scale=1\">\\n\\","<title>{{env.npm_package_name}} (v{{env.npm_package_version}})</title>\\n\\","<style>\\n\\","/*csslint\\n\\","    box-sizing: false,\\n\\","    universal-selector: false\\n\\","*/\\n\\","* {\\n\\","    box-sizing: border-box;\\n\\","}\\n\\","body {\\n\\","    background: #dde;\\n\\","    font-family: Arial, Helvetica, sans-serif;\\n\\","    margin: 2rem;\\n\\","}\\n\\","body > * {\\n\\","    margin-bottom: 1rem;\\n\\","}\\n\\",".utility2FooterDiv {\\n\\","    margin-top: 20px;\\n\\","    text-align: center;\\n\\","}\\n\\","</style>\\n\\","<style>\\n\\","/*csslint\\n\\","*/\\n\\","textarea {\\n\\","    font-family: monospace;\\n\\","    height: 10rem;\\n\\","    width: 100%;\\n\\","}\\n\\","textarea[readonly] {\\n\\","    background: #ddd;\\n\\","}\\n\\","</style>\\n\\","</head>\\n\\","<body>\\n\\","<!-- utility2-comment\\n\\","<div id=\"ajaxProgressDiv1\" style=\"background: #d00; height: 2px; left: 0; margin: 0; padding: 0; position: fixed; top: 0; transition: background 0.5s, width 1.5s; width: 25%;\"></div>\\n\\","utility2-comment -->\\n\\","<h1>\\n\\","<!-- utility2-comment\\n\\","    <a\\n\\","        {{#if env.npm_package_homepage}}\\n\\","        href=\"{{env.npm_package_homepage}}\"\\n\\","        {{/if env.npm_package_homepage}}\\n\\","        target=\"_blank\"\\n\\","    >\\n\\","utility2-comment -->\\n\\","        {{env.npm_package_name}} (v{{env.npm_package_version}})\\n\\","<!-- utility2-comment\\n\\","    </a>\\n\\","utility2-comment -->\\n\\","</h1>\\n\\","<h3>{{env.npm_package_description}}</h3>\\n\\","<!-- utility2-comment\\n\\","<h4><a download href=\"assets.app.js\">download standalone app</a></h4>\\n\\","<button class=\"onclick onreset\" id=\"testRunButton1\">run internal test</button><br>\\n\\","<div id=\"testReportDiv1\" style=\"display: none;\"></div>\\n\\","utility2-comment -->\\n\\","\\n\\","\\n\\","\\n\\","<label>stderr and stdout</label>\\n\\","<textarea class=\"resettable\" id=\"outputTextareaStdout1\" readonly></textarea>\\n\\","<!-- utility2-comment\\n\\","{{#if isRollup}}\\n\\","<script src=\"assets.app.js\"></script>\\n\\","{{#unless isRollup}}\\n\\","utility2-comment -->\\n\\","<script src=\"assets.utility2.rollup.js\"></script>\\n\\","<script src=\"jsonp.utility2._stateInit?callback=window.utility2._stateInit\"></script>\\n\\","<script src=\"assets.npmtest_webpack_dashboard.rollup.js\"></script>\\n\\","<script src=\"assets.example.js\"></script>\\n\\","<script src=\"assets.test.js\"></script>\\n\\","<!-- utility2-comment\\n\\","{{/if isRollup}}\\n\\","utility2-comment -->\\n\\","<div class=\"utility2FooterDiv\">\\n\\","    [ this app was created with\\n\\","    <a href=\"https://github.com/kaizhu256/node-utility2\" target=\"_blank\">utility2</a>\\n\\","    ]\\n\\","</div>\\n\\","</body>\\n\\","</html>\\n\\","';","        /* jslint-ignore-end */","        if (local.templateRender) {","            local.assetsDict['/'] = local.templateRender(","                local.assetsDict['/assets.index.template.html'],","                {","                    env: local.objectSetDefault(local.env, {","                        npm_package_description: 'the greatest app in the world!',","                        npm_package_name: 'my-app',","                        npm_package_nameAlias: 'my_app',","                        npm_package_version: '0.0.1'","                    })","                }","            );","        } else {","            local.assetsDict['/'] = local.assetsDict['/assets.index.template.html']","                .replace((/\\{\\{env\\.(\\w+?)\\}\\}/g), function (match0, match1) {","                    // jslint-hack","                    String(match0);","                    switch (match1) {","                    case 'npm_package_description':","                        return 'the greatest app in the world!';","                    case 'npm_package_name':","                        return 'my-app';","                    case 'npm_package_nameAlias':","                        return 'my_app';","                    case 'npm_package_version':","                        return '0.0.1';","                    }","                });","        }","        // run the cli","        if (local.global.utility2_rollup || module !== require.main) {","            break;","        }","        local.assetsDict['/assets.example.js'] =","            local.assetsDict['/assets.example.js'] ||","            local.fs.readFileSync(__filename, 'utf8');","        local.assetsDict['/assets.npmtest_webpack_dashboard.rollup.js'] =","            local.assetsDict['/assets.npmtest_webpack_dashboard.rollup.js'] ||","            local.fs.readFileSync(","                // buildCustomOrg-hack","                local.npmtest_webpack_dashboard.__dirname +","                    '/lib.npmtest_webpack_dashboard.js',","                'utf8'","            ).replace((/^#!/), '//');","        local.assetsDict['/favicon.ico'] = local.assetsDict['/favicon.ico'] || '';","        // if $npm_config_timeout_exit exists,","        // then exit this process after $npm_config_timeout_exit ms","        if (Number(process.env.npm_config_timeout_exit)) {","            setTimeout(process.exit, Number(process.env.npm_config_timeout_exit));","        }","        // start server","        if (local.global.utility2_serverHttp1) {","            break;","        }","        process.env.PORT = process.env.PORT || '8081';","        console.error('server starting on port ' + process.env.PORT);","        local.http.createServer(function (request, response) {","            request.urlParsed = local.url.parse(request.url);","            if (local.assetsDict[request.urlParsed.pathname] !== undefined) {","                response.end(local.assetsDict[request.urlParsed.pathname]);","                return;","            }","            response.statusCode = 404;","            response.end();","        }).listen(process.env.PORT);","        break;","    }","}());",""],"l":{"26":2,"28":2,"33":2,"35":2,"37":2,"38":2,"39":2,"44":1,"51":2,"55":2,"59":2,"61":2,"69":1,"70":2,"76":2,"79":2,"82":2,"83":2,"85":1,"89":2,"92":1,"93":1,"94":1,"96":1,"97":1,"100":1,"101":1,"103":1,"106":1,"108":2,"114":1,"116":1,"118":1,"123":1,"124":2,"125":2,"126":2,"127":2,"128":2,"129":2,"130":1,"133":2,"134":2,"139":2,"143":1,"144":3,"145":1,"149":1,"150":1,"158":1,"160":1,"161":1,"162":1,"164":1,"166":1,"258":1,"259":1,"271":1,"274":6,"275":6,"277":1,"279":2,"281":1,"283":2,"288":1,"289":1,"291":1,"294":1,"302":1,"305":1,"306":1,"309":1,"310":1,"312":1,"313":1,"314":1,"315":1,"316":1,"317":1,"318":1,"320":1,"321":1,"323":1}},"/home/travis/build/npmtest/node-npmtest-webpack-dashboard/node_modules/webpack-dashboard/index.js":{"path":"/home/travis/build/npmtest/node-npmtest-webpack-dashboard/node_modules/webpack-dashboard/index.js","s":{"1":1,"2":1},"b":{},"f":{},"fnMap":{},"statementMap":{"1":{"start":{"line":1,"column":0},"end":{"line":1,"column":48}},"2":{"start":{"line":3,"column":0},"end":{"line":3,"column":27}}},"branchMap":{},"code":["var dashboard = require('./dashboard/index.js');","","module.exports = dashboard;"],"l":{"1":1,"3":1}},"/home/travis/build/npmtest/node-npmtest-webpack-dashboard/node_modules/webpack-dashboard/dashboard/index.js":{"path":"/home/travis/build/npmtest/node-npmtest-webpack-dashboard/node_modules/webpack-dashboard/dashboard/index.js","s":{"1":1,"2":1,"3":1,"4":1,"5":1,"6":0,"7":0,"8":0,"9":0,"10":0,"11":0,"12":0,"13":0,"14":0,"15":0,"16":0,"17":0,"18":1,"19":0,"20":0,"21":0,"22":0,"23":0,"24":0,"25":0,"26":0,"27":0,"28":0,"29":0,"30":0,"31":0,"32":0,"33":0,"34":0,"35":0,"36":0,"37":0,"38":0,"39":0,"40":0,"41":0,"42":0,"43":0,"44":0,"45":0,"46":0,"47":0,"48":0,"49":0,"50":0,"51":0,"52":0,"53":0,"54":0,"55":1,"56":0,"57":0,"58":0,"59":1,"60":0,"61":0,"62":0,"63":1,"64":0,"65":0,"66":0,"67":1,"68":0,"69":0,"70":0,"71":0,"72":0,"73":0,"74":1},"b":{"1":[0,0,0],"2":[0,0,0],"3":[0,0,0],"4":[0,0],"5":[0,0],"6":[0,0,0,0,0,0],"7":[0,0],"8":[0,0],"9":[0,0],"10":[0,0,0],"11":[0,0],"12":[0,0],"13":[0,0],"14":[0,0],"15":[0,0],"16":[0,0],"17":[0,0],"18":[0,0],"19":[0,0],"20":[0,0],"21":[0,0],"22":[0,0],"23":[0,0],"24":[0,0],"25":[0,0],"26":[0,0]},"f":{"1":0,"2":0,"3":0,"4":0,"5":0,"6":0,"7":0,"8":0,"9":0,"10":0,"11":0},"fnMap":{"1":{"name":"Dashboard","line":10,"loc":{"start":{"line":10,"column":0},"end":{"line":10,"column":28}}},"2":{"name":"(anonymous_2)","line":30,"loc":{"start":{"line":30,"column":42},"end":{"line":30,"column":53}}},"3":{"name":"(anonymous_3)","line":37,"loc":{"start":{"line":37,"column":30},"end":{"line":37,"column":48}}},"4":{"name":"(anonymous_4)","line":40,"loc":{"start":{"line":40,"column":18},"end":{"line":40,"column":33}}},"5":{"name":"(anonymous_5)","line":74,"loc":{"start":{"line":74,"column":21},"end":{"line":74,"column":32}}},"6":{"name":"(anonymous_6)","line":77,"loc":{"start":{"line":77,"column":23},"end":{"line":77,"column":34}}},"7":{"name":"(anonymous_7)","line":80,"loc":{"start":{"line":80,"column":18},"end":{"line":80,"column":29}}},"8":{"name":"(anonymous_8)","line":107,"loc":{"start":{"line":107,"column":32},"end":{"line":107,"column":43}}},"9":{"name":"(anonymous_9)","line":145,"loc":{"start":{"line":145,"column":36},"end":{"line":145,"column":47}}},"10":{"name":"(anonymous_10)","line":187,"loc":{"start":{"line":187,"column":35},"end":{"line":187,"column":46}}},"11":{"name":"(anonymous_11)","line":228,"loc":{"start":{"line":228,"column":35},"end":{"line":228,"column":46}}}},"statementMap":{"1":{"start":{"line":4,"column":0},"end":{"line":4,"column":33}},"2":{"start":{"line":6,"column":0},"end":{"line":6,"column":56}},"3":{"start":{"line":7,"column":0},"end":{"line":7,"column":58}},"4":{"start":{"line":8,"column":0},"end":{"line":8,"column":56}},"5":{"start":{"line":10,"column":0},"end":{"line":35,"column":1}},"6":{"start":{"line":11,"column":2},"end":{"line":11,"column":62}},"7":{"start":{"line":13,"column":2},"end":{"line":13,"column":51}},"8":{"start":{"line":14,"column":2},"end":{"line":14,"column":53}},"9":{"start":{"line":15,"column":2},"end":{"line":15,"column":41}},"10":{"start":{"line":17,"column":2},"end":{"line":23,"column":5}},"11":{"start":{"line":25,"column":2},"end":{"line":25,"column":28}},"12":{"start":{"line":26,"column":2},"end":{"line":26,"column":31}},"13":{"start":{"line":27,"column":2},"end":{"line":27,"column":49}},"14":{"start":{"line":28,"column":2},"end":{"line":28,"column":48}},"15":{"start":{"line":30,"column":2},"end":{"line":32,"column":5}},"16":{"start":{"line":31,"column":4},"end":{"line":31,"column":20}},"17":{"start":{"line":34,"column":2},"end":{"line":34,"column":23}},"18":{"start":{"line":37,"column":0},"end":{"line":105,"column":2}},"19":{"start":{"line":38,"column":2},"end":{"line":38,"column":18}},"20":{"start":{"line":40,"column":2},"end":{"line":102,"column":5}},"21":{"start":{"line":41,"column":4},"end":{"line":101,"column":5}},"22":{"start":{"line":43,"column":8},"end":{"line":43,"column":49}},"23":{"start":{"line":44,"column":8},"end":{"line":49,"column":9}},"24":{"start":{"line":45,"column":10},"end":{"line":45,"column":72}},"25":{"start":{"line":47,"column":10},"end":{"line":47,"column":75}},"26":{"start":{"line":48,"column":10},"end":{"line":48,"column":48}},"27":{"start":{"line":50,"column":8},"end":{"line":50,"column":14}},"28":{"start":{"line":53,"column":8},"end":{"line":53,"column":47}},"29":{"start":{"line":54,"column":8},"end":{"line":54,"column":14}},"30":{"start":{"line":57,"column":8},"end":{"line":57,"column":20}},"31":{"start":{"line":59,"column":8},"end":{"line":68,"column":9}},"32":{"start":{"line":61,"column":12},"end":{"line":61,"column":62}},"33":{"start":{"line":62,"column":12},"end":{"line":62,"column":18}},"34":{"start":{"line":64,"column":12},"end":{"line":64,"column":60}},"35":{"start":{"line":65,"column":12},"end":{"line":65,"column":18}},"36":{"start":{"line":67,"column":12},"end":{"line":67,"column":52}},"37":{"start":{"line":69,"column":8},"end":{"line":69,"column":40}},"38":{"start":{"line":70,"column":8},"end":{"line":70,"column":14}},"39":{"start":{"line":73,"column":8},"end":{"line":83,"column":10}},"40":{"start":{"line":75,"column":12},"end":{"line":75,"column":37}},"41":{"start":{"line":78,"column":12},"end":{"line":78,"column":39}},"42":{"start":{"line":81,"column":12},"end":{"line":81,"column":35}},"43":{"start":{"line":84,"column":8},"end":{"line":86,"column":9}},"44":{"start":{"line":85,"column":10},"end":{"line":85,"column":60}},"45":{"start":{"line":87,"column":8},"end":{"line":87,"column":46}},"46":{"start":{"line":88,"column":8},"end":{"line":88,"column":72}},"47":{"start":{"line":89,"column":8},"end":{"line":89,"column":70}},"48":{"start":{"line":90,"column":8},"end":{"line":90,"column":14}},"49":{"start":{"line":93,"column":8},"end":{"line":93,"column":60}},"50":{"start":{"line":94,"column":8},"end":{"line":94,"column":40}},"51":{"start":{"line":95,"column":8},"end":{"line":95,"column":14}},"52":{"start":{"line":98,"column":8},"end":{"line":98,"column":36}},"53":{"start":{"line":99,"column":8},"end":{"line":99,"column":14}},"54":{"start":{"line":104,"column":2},"end":{"line":104,"column":23}},"55":{"start":{"line":107,"column":0},"end":{"line":143,"column":2}},"56":{"start":{"line":108,"column":2},"end":{"line":124,"column":5}},"57":{"start":{"line":126,"column":2},"end":{"line":140,"column":5}},"58":{"start":{"line":142,"column":2},"end":{"line":142,"column":31}},"59":{"start":{"line":145,"column":0},"end":{"line":185,"column":2}},"60":{"start":{"line":146,"column":2},"end":{"line":163,"column":5}},"61":{"start":{"line":165,"column":2},"end":{"line":182,"column":5}},"62":{"start":{"line":184,"column":2},"end":{"line":184,"column":35}},"63":{"start":{"line":187,"column":0},"end":{"line":226,"column":2}},"64":{"start":{"line":188,"column":2},"end":{"line":205,"column":5}},"65":{"start":{"line":207,"column":2},"end":{"line":223,"column":5}},"66":{"start":{"line":225,"column":2},"end":{"line":225,"column":34}},"67":{"start":{"line":228,"column":0},"end":{"line":317,"column":2}},"68":{"start":{"line":230,"column":2},"end":{"line":236,"column":5}},"69":{"start":{"line":238,"column":2},"end":{"line":257,"column":5}},"70":{"start":{"line":259,"column":2},"end":{"line":278,"column":5}},"71":{"start":{"line":280,"column":2},"end":{"line":299,"column":5}},"72":{"start":{"line":301,"column":2},"end":{"line":314,"column":5}},"73":{"start":{"line":316,"column":2},"end":{"line":316,"column":35}},"74":{"start":{"line":319,"column":0},"end":{"line":319,"column":27}}},"branchMap":{"1":{"line":11,"type":"binary-expr","locations":[{"start":{"line":11,"column":14},"end":{"line":11,"column":21}},{"start":{"line":11,"column":25},"end":{"line":11,"column":38}},{"start":{"line":11,"column":42},"end":{"line":11,"column":61}}]},"2":{"line":13,"type":"binary-expr","locations":[{"start":{"line":13,"column":15},"end":{"line":13,"column":22}},{"start":{"line":13,"column":26},"end":{"line":13,"column":39}},{"start":{"line":13,"column":43},"end":{"line":13,"column":50}}]},"3":{"line":14,"type":"binary-expr","locations":[{"start":{"line":14,"column":17},"end":{"line":14,"column":24}},{"start":{"line":14,"column":28},"end":{"line":14,"column":43}},{"start":{"line":14,"column":47},"end":{"line":14,"column":52}}]},"4":{"line":27,"type":"binary-expr","locations":[{"start":{"line":27,"column":2},"end":{"line":27,"column":15}},{"start":{"line":27,"column":19},"end":{"line":27,"column":48}}]},"5":{"line":28,"type":"binary-expr","locations":[{"start":{"line":28,"column":2},"end":{"line":28,"column":15}},{"start":{"line":28,"column":19},"end":{"line":28,"column":47}}]},"6":{"line":41,"type":"switch","locations":[{"start":{"line":42,"column":6},"end":{"line":51,"column":7}},{"start":{"line":52,"column":6},"end":{"line":55,"column":7}},{"start":{"line":56,"column":6},"end":{"line":71,"column":7}},{"start":{"line":72,"column":6},"end":{"line":91,"column":7}},{"start":{"line":92,"column":6},"end":{"line":96,"column":7}},{"start":{"line":97,"column":6},"end":{"line":100,"column":7}}]},"7":{"line":44,"type":"if","locations":[{"start":{"line":44,"column":8},"end":{"line":44,"column":8}},{"start":{"line":44,"column":8},"end":{"line":44,"column":8}}]},"8":{"line":45,"type":"binary-expr","locations":[{"start":{"line":45,"column":10},"end":{"line":45,"column":17}},{"start":{"line":45,"column":21},"end":{"line":45,"column":71}}]},"9":{"line":47,"type":"binary-expr","locations":[{"start":{"line":47,"column":10},"end":{"line":47,"column":17}},{"start":{"line":47,"column":21},"end":{"line":47,"column":74}}]},"10":{"line":59,"type":"switch","locations":[{"start":{"line":60,"column":10},"end":{"line":62,"column":18}},{"start":{"line":63,"column":10},"end":{"line":65,"column":18}},{"start":{"line":66,"column":10},"end":{"line":67,"column":52}}]},"11":{"line":84,"type":"if","locations":[{"start":{"line":84,"column":8},"end":{"line":84,"column":8}},{"start":{"line":84,"column":8},"end":{"line":84,"column":8}}]},"12":{"line":88,"type":"binary-expr","locations":[{"start":{"line":88,"column":8},"end":{"line":88,"column":21}},{"start":{"line":88,"column":25},"end":{"line":88,"column":71}}]},"13":{"line":89,"type":"binary-expr","locations":[{"start":{"line":89,"column":8},"end":{"line":89,"column":21}},{"start":{"line":89,"column":25},"end":{"line":89,"column":69}}]},"14":{"line":111,"type":"cond-expr","locations":[{"start":{"line":111,"column":26},"end":{"line":111,"column":32}},{"start":{"line":111,"column":35},"end":{"line":111,"column":40}}]},"15":{"line":112,"type":"cond-expr","locations":[{"start":{"line":112,"column":27},"end":{"line":112,"column":32}},{"start":{"line":112,"column":35},"end":{"line":112,"column":40}}]},"16":{"line":231,"type":"cond-expr","locations":[{"start":{"line":231,"column":26},"end":{"line":231,"column":32}},{"start":{"line":231,"column":35},"end":{"line":231,"column":40}}]},"17":{"line":232,"type":"cond-expr","locations":[{"start":{"line":232,"column":27},"end":{"line":232,"column":32}},{"start":{"line":232,"column":35},"end":{"line":232,"column":40}}]},"18":{"line":233,"type":"cond-expr","locations":[{"start":{"line":233,"column":24},"end":{"line":233,"column":29}},{"start":{"line":233,"column":32},"end":{"line":233,"column":36}}]},"19":{"line":234,"type":"cond-expr","locations":[{"start":{"line":234,"column":25},"end":{"line":234,"column":29}},{"start":{"line":234,"column":32},"end":{"line":234,"column":37}}]},"20":{"line":245,"type":"cond-expr","locations":[{"start":{"line":245,"column":26},"end":{"line":245,"column":31}},{"start":{"line":245,"column":34},"end":{"line":245,"column":40}}]},"21":{"line":246,"type":"cond-expr","locations":[{"start":{"line":246,"column":27},"end":{"line":246,"column":33}},{"start":{"line":246,"column":36},"end":{"line":246,"column":41}}]},"22":{"line":266,"type":"cond-expr","locations":[{"start":{"line":266,"column":26},"end":{"line":266,"column":31}},{"start":{"line":266,"column":34},"end":{"line":266,"column":40}}]},"23":{"line":267,"type":"cond-expr","locations":[{"start":{"line":267,"column":27},"end":{"line":267,"column":33}},{"start":{"line":267,"column":36},"end":{"line":267,"column":41}}]},"24":{"line":284,"type":"cond-expr","locations":[{"start":{"line":284,"column":28},"end":{"line":286,"column":5}},{"start":{"line":286,"column":8},"end":{"line":286,"column":9}}]},"25":{"line":287,"type":"cond-expr","locations":[{"start":{"line":287,"column":26},"end":{"line":287,"column":31}},{"start":{"line":287,"column":34},"end":{"line":287,"column":40}}]},"26":{"line":288,"type":"cond-expr","locations":[{"start":{"line":288,"column":27},"end":{"line":288,"column":33}},{"start":{"line":288,"column":36},"end":{"line":288,"column":41}}]}},"code":["/* eslint-disable */","\"use strict\";","","var blessed = require(\"blessed\");","","var formatOutput = require(\"../utils/format-output.js\");","var formatModules = require(\"../utils/format-modules.js\");","var formatAssets = require(\"../utils/format-assets.js\");","","function Dashboard(options) {","  var title = options && options.title || \"webpack-dashboard\";","","  this.color = options && options.color || \"green\";","  this.minimal = options && options.minimal || false;","  this.setData = this.setData.bind(this);","","  this.screen = blessed.screen({","    smartCSR: true,","    title: title,","    dockBorders: false,","    fullUnicode: true,","    autoPadding: true","  });","","  this.layoutLog.call(this);","  this.layoutStatus.call(this);","  !this.minimal && this.layoutModules.call(this);","  !this.minimal && this.layoutAssets.call(this);","","  this.screen.key([\"escape\", \"q\", \"C-c\"], function() {","    process.exit(0);","  });","","  this.screen.render();","}","","Dashboard.prototype.setData = function(dataArr) {","  var self = this;","","  dataArr.forEach(function(data) {","    switch (data.type) {","      case \"progress\": {","        var percent = parseInt(data.value * 100);","        if (self.minimal) {","          percent && self.progress.setContent(percent.toString() + \"%\");","        } else {","          percent && self.progressbar.setContent(percent.toString() + \"%\");","          self.progressbar.setProgress(percent);","        }","        break;","      }","      case \"operations\": {","        self.operations.setContent(data.value);","        break;","      }","      case \"status\": {","        var content;","","        switch(data.value) {","          case \"Success\":","            content = \"{green-fg}{bold}\" + data.value + \"{/}\";","            break;","          case \"Failed\":","            content = \"{red-fg}{bold}\" + data.value + \"{/}\";","            break;","          default:","            content = \"{bold}\" + data.value + \"{/}\";","        }","        self.status.setContent(content);","        break;","      }","      case \"stats\": {","        var stats = {","          hasErrors: function() {","            return data.value.errors;","          },","          hasWarnings: function() {","            return data.value.warnings;","          },","          toJson: function() {","            return data.value.data;","          }","        };","        if (stats.hasErrors()) {","          self.status.setContent(\"{red-fg}{bold}Failed{/}\");","        }","        self.logText.log(formatOutput(stats));","        !self.minimal && self.moduleTable.setData(formatModules(stats));","        !self.minimal && self.assetTable.setData(formatAssets(stats));","        break;","      }","      case \"log\": {","        var filteredValue = data.value.replace(/[{}]/g, \"\");","        self.logText.log(filteredValue);","        break;","      }","      case \"clear\": {","        self.logText.setContent(\"\");","        break;","      }","    }","  });","","  this.screen.render();","};","","Dashboard.prototype.layoutLog = function() {","  this.log = blessed.box({","    label: \"Log\",","    padding: 1,","    width: this.minimal ? \"100%\" : \"75%\",","    height: this.minimal ? \"70%\" : \"42%\",","    left: \"0%\",","    top: \"0%\",","    border: {","      type: \"line\",","    },","    style: {","      fg: -1,","      border: {","        fg: this.color,","      },","    },","  });","","  this.logText = blessed.log({","    parent: this.log,","    tags: true,","    width: \"100%-5\",","    scrollable: true,","    input: true,","    alwaysScroll: true,","    scrollbar: {","      ch: \" \",","      inverse: true","    },","    keys: true,","    vi: true,","    mouse: true","  });","","  this.screen.append(this.log);","};","","Dashboard.prototype.layoutModules = function() {","  this.modules = blessed.box({","    label: \"Modules\",","    tags: true,","    padding: 1,","    width: \"50%\",","    height: \"58%\",","    left: \"0%\",","    top: \"42%\",","    border: {","      type: \"line\",","    },","    style: {","      fg: -1,","      border: {","        fg: this.color,","      },","    },","  });","","  this.moduleTable = blessed.table({","    parent: this.modules,","    height: \"100%\",","    width: \"100%-5\",","    align: \"left\",","    pad: 1,","    shrink: true,","    scrollable: true,","    alwaysScroll: true,","    scrollbar: {","      ch: \" \",","      inverse: true","    },","    keys: true,","    vi: true,","    mouse: true,","    data: [[\"Name\", \"Size\", \"Percentage\"]]","  });","","  this.screen.append(this.modules);","};","","Dashboard.prototype.layoutAssets = function() {","  this.assets = blessed.box({","    label: \"Assets\",","    tags: true,","    padding: 1,","    width: \"50%\",","    height: \"58%\",","    left: \"50%\",","    top: \"42%\",","    border: {","      type: \"line\",","    },","    style: {","      fg: -1,","      border: {","        fg: this.color,","      },","    },","  });","","  this.assetTable = blessed.table({","    parent: this.assets,","    height: \"100%\",","    width: \"100%-5\",","    align: \"left\",","    pad: 1,","    scrollable: true,","    alwaysScroll: true,","    scrollbar: {","      ch: \" \",","      inverse: true","    },","    keys: true,","    vi: true,","    mouse: true,","    data: [[\"Name\", \"Size\"]]","  });","","  this.screen.append(this.assets);","};","","Dashboard.prototype.layoutStatus = function() {","","  this.wrapper = blessed.layout({","    width: this.minimal ? \"100%\" : \"25%\",","    height: this.minimal ? \"30%\" : \"42%\",","    top: this.minimal ? \"70%\" : \"0%\",","    left: this.minimal ? \"0%\" : \"75%\",","    layout: \"grid\"","  });","","  this.status = blessed.box({","    parent: this.wrapper,","    label: \"Status\",","    tags: true,","    padding: {","      left: 1,","    },","    width: this.minimal ? \"34%\" : \"100%\",","    height: this.minimal ? \"100%\" : \"34%\",","    valign: \"middle\",","    border: {","      type: \"line\",","    },","    style: {","      fg: -1,","      border: {","        fg: this.color,","      },","    },","  });","","  this.operations = blessed.box({","    parent: this.wrapper,","    label: \"Operation\",","    tags: true,","    padding: {","      left: 1,","    },","    width: this.minimal ? \"34%\" : \"100%\",","    height: this.minimal ? \"100%\" : \"34%\",","    valign: \"middle\",","    border: {","      type: \"line\",","    },","    style: {","      fg: -1,","      border: {","        fg: this.color,","      },","    },","  });","","  this.progress = blessed.box({","    parent: this.wrapper,","    label: \"Progress\",","    tags: true,","    padding: this.minimal ? {","      left: 1,","    } : 1,","    width: this.minimal ? \"33%\" : \"100%\",","    height: this.minimal ? \"100%\" : \"34%\",","    valign: \"middle\",","    border: {","      type: \"line\",","    },","    style: {","      fg: -1,","      border: {","        fg: this.color,","      },","    },","  });","","  this.progressbar = blessed.ProgressBar({","    parent: this.progress,","    height: 1,","    width: \"90%\",","    top: \"center\",","    left: \"center\",","    hidden: this.minimal,","    orientation: \"horizontal\",","    style: {","      bar: {","        bg: this.color,","      },","    }","  });","","  this.screen.append(this.wrapper);","};","","module.exports = Dashboard;",""],"l":{"4":1,"6":1,"7":1,"8":1,"10":1,"11":0,"13":0,"14":0,"15":0,"17":0,"25":0,"26":0,"27":0,"28":0,"30":0,"31":0,"34":0,"37":1,"38":0,"40":0,"41":0,"43":0,"44":0,"45":0,"47":0,"48":0,"50":0,"53":0,"54":0,"57":0,"59":0,"61":0,"62":0,"64":0,"65":0,"67":0,"69":0,"70":0,"73":0,"75":0,"78":0,"81":0,"84":0,"85":0,"87":0,"88":0,"89":0,"90":0,"93":0,"94":0,"95":0,"98":0,"99":0,"104":0,"107":1,"108":0,"126":0,"142":0,"145":1,"146":0,"165":0,"184":0,"187":1,"188":0,"207":0,"225":0,"228":1,"230":0,"238":0,"259":0,"280":0,"301":0,"316":0,"319":1}},"/home/travis/build/npmtest/node-npmtest-webpack-dashboard/node_modules/webpack-dashboard/utils/format-output.js":{"path":"/home/travis/build/npmtest/node-npmtest-webpack-dashboard/node_modules/webpack-dashboard/utils/format-output.js","s":{"1":1,"2":1,"3":0,"4":1,"5":0,"6":1,"7":0,"8":0,"9":1,"10":0,"11":0,"12":0,"13":0,"14":0,"15":0,"16":0,"17":0,"18":0,"19":0,"20":0,"21":0,"22":0,"23":0,"24":0,"25":0,"26":0,"27":0,"28":0,"29":0,"30":0,"31":0,"32":0,"33":0,"34":0,"35":0,"36":0,"37":0,"38":1},"b":{"1":[0,0],"2":[0,0],"3":[0,0],"4":[0,0],"5":[0,0]},"f":{"1":0,"2":0,"3":0,"4":0,"5":0,"6":0,"7":0,"8":0},"fnMap":{"1":{"name":"isLikelyASyntaxError","line":6,"loc":{"start":{"line":6,"column":0},"end":{"line":6,"column":39}}},"2":{"name":"formatMessage","line":10,"loc":{"start":{"line":10,"column":0},"end":{"line":10,"column":32}}},"3":{"name":"lineJoin","line":24,"loc":{"start":{"line":24,"column":0},"end":{"line":24,"column":23}}},"4":{"name":"formatOutput","line":29,"loc":{"start":{"line":29,"column":0},"end":{"line":29,"column":29}}},"5":{"name":"(anonymous_5)","line":41,"loc":{"start":{"line":41,"column":40},"end":{"line":41,"column":58}}},"6":{"name":"(anonymous_6)","line":44,"loc":{"start":{"line":44,"column":44},"end":{"line":44,"column":62}}},"7":{"name":"(anonymous_7)","line":54,"loc":{"start":{"line":54,"column":28},"end":{"line":54,"column":46}}},"8":{"name":"(anonymous_8)","line":64,"loc":{"start":{"line":64,"column":30},"end":{"line":64,"column":48}}}},"statementMap":{"1":{"start":{"line":4,"column":0},"end":{"line":4,"column":47}},"2":{"start":{"line":6,"column":0},"end":{"line":8,"column":1}},"3":{"start":{"line":7,"column":2},"end":{"line":7,"column":58}},"4":{"start":{"line":10,"column":0},"end":{"line":22,"column":1}},"5":{"start":{"line":11,"column":2},"end":{"line":21,"column":55}},"6":{"start":{"line":24,"column":0},"end":{"line":27,"column":1}},"7":{"start":{"line":25,"column":2},"end":{"line":25,"column":30}},"8":{"start":{"line":26,"column":2},"end":{"line":26,"column":16}},"9":{"start":{"line":29,"column":0},"end":{"line":71,"column":1}},"10":{"start":{"line":30,"column":2},"end":{"line":30,"column":18}},"11":{"start":{"line":31,"column":2},"end":{"line":31,"column":36}},"12":{"start":{"line":32,"column":2},"end":{"line":32,"column":40}},"13":{"start":{"line":33,"column":2},"end":{"line":38,"column":3}},"14":{"start":{"line":34,"column":4},"end":{"line":34,"column":55}},"15":{"start":{"line":35,"column":4},"end":{"line":35,"column":20}},"16":{"start":{"line":37,"column":4},"end":{"line":37,"column":28}},"17":{"start":{"line":40,"column":2},"end":{"line":40,"column":28}},"18":{"start":{"line":41,"column":2},"end":{"line":43,"column":5}},"19":{"start":{"line":42,"column":4},"end":{"line":42,"column":48}},"20":{"start":{"line":44,"column":2},"end":{"line":46,"column":5}},"21":{"start":{"line":45,"column":4},"end":{"line":45,"column":50}},"22":{"start":{"line":48,"column":2},"end":{"line":59,"column":3}},"23":{"start":{"line":49,"column":4},"end":{"line":49,"column":49}},"24":{"start":{"line":50,"column":4},"end":{"line":50,"column":20}},"25":{"start":{"line":51,"column":4},"end":{"line":53,"column":5}},"26":{"start":{"line":52,"column":6},"end":{"line":52,"column":69}},"27":{"start":{"line":54,"column":4},"end":{"line":57,"column":7}},"28":{"start":{"line":55,"column":6},"end":{"line":55,"column":27}},"29":{"start":{"line":56,"column":6},"end":{"line":56,"column":22}},"30":{"start":{"line":58,"column":4},"end":{"line":58,"column":28}},"31":{"start":{"line":61,"column":2},"end":{"line":70,"column":3}},"32":{"start":{"line":62,"column":4},"end":{"line":62,"column":66}},"33":{"start":{"line":63,"column":4},"end":{"line":63,"column":20}},"34":{"start":{"line":64,"column":4},"end":{"line":67,"column":7}},"35":{"start":{"line":65,"column":6},"end":{"line":65,"column":27}},"36":{"start":{"line":66,"column":6},"end":{"line":66,"column":22}},"37":{"start":{"line":69,"column":4},"end":{"line":69,"column":28}},"38":{"start":{"line":73,"column":0},"end":{"line":73,"column":30}}},"branchMap":{"1":{"line":33,"type":"if","locations":[{"start":{"line":33,"column":2},"end":{"line":33,"column":2}},{"start":{"line":33,"column":2},"end":{"line":33,"column":2}}]},"2":{"line":33,"type":"binary-expr","locations":[{"start":{"line":33,"column":6},"end":{"line":33,"column":16}},{"start":{"line":33,"column":20},"end":{"line":33,"column":32}}]},"3":{"line":48,"type":"if","locations":[{"start":{"line":48,"column":2},"end":{"line":48,"column":2}},{"start":{"line":48,"column":2},"end":{"line":48,"column":2}}]},"4":{"line":51,"type":"if","locations":[{"start":{"line":51,"column":4},"end":{"line":51,"column":4}},{"start":{"line":51,"column":4},"end":{"line":51,"column":4}}]},"5":{"line":61,"type":"if","locations":[{"start":{"line":61,"column":2},"end":{"line":61,"column":2}},{"start":{"line":61,"column":2},"end":{"line":61,"column":2}}]}},"code":["/* eslint-disable */","\"use strict\";","","var friendlySyntaxErrorLabel = 'Syntax error:';","","function isLikelyASyntaxError(message) {","  return message.indexOf(friendlySyntaxErrorLabel) !== -1;","}","","function formatMessage(message) {","  return message","    .replace(","      'Module build failed: SyntaxError:',","      friendlySyntaxErrorLabel","    )","    .replace(","      /Module not found: Error: Cannot resolve 'file' or 'directory'/,","      'Module not found:'","    )","    .replace(/^\\s*at\\s.*:\\d+:\\d+[\\s\\)]*\\n/gm, '')","    .replace('./~/css-loader!./~/postcss-loader!', '');","}","","function lineJoin(arr) {","  var joined = arr.join('\\n');","  return joined;","};","","function formatOutput(stats) {","  var output = [];","  var hasErrors = stats.hasErrors();","  var hasWarnings = stats.hasWarnings();","  if (!hasErrors && !hasWarnings) {","    output.push('{green-fg}Compiled successfully!{/}');","    output.push('');","","    return lineJoin(output);","  }","","  var json = stats.toJson();","  var formattedErrors = json.errors.map(function(message) {","    return 'Error in ' + formatMessage(message);","  });","  var formattedWarnings = json.warnings.map(function(message) {","    return 'Warning in ' + formatMessage(message);","  });","","  if (hasErrors) {","    output.push('{red-fg}Failed to compile.{/}');","    output.push('');","    if (formattedErrors.some(isLikelyASyntaxError)) {","      formattedErrors = formattedErrors.filter(isLikelyASyntaxError);","    }","    formattedErrors.forEach(function(message) {","      output.push(message);","      output.push('');","    });","    return lineJoin(output);","  }","","  if (hasWarnings) {","    output.push('{yellow-fg}Compiled with warnings.{/yellow-fg}');","    output.push('');","    formattedWarnings.forEach(function(message) {","      output.push(message);","      output.push('');","    });","","    return lineJoin(output);","  }","};","","module.exports = formatOutput;",""],"l":{"4":1,"6":1,"7":0,"10":1,"11":0,"24":1,"25":0,"26":0,"29":1,"30":0,"31":0,"32":0,"33":0,"34":0,"35":0,"37":0,"40":0,"41":0,"42":0,"44":0,"45":0,"48":0,"49":0,"50":0,"51":0,"52":0,"54":0,"55":0,"56":0,"58":0,"61":0,"62":0,"63":0,"64":0,"65":0,"66":0,"69":0,"73":1}},"/home/travis/build/npmtest/node-npmtest-webpack-dashboard/node_modules/webpack-dashboard/utils/format-modules.js":{"path":"/home/travis/build/npmtest/node-npmtest-webpack-dashboard/node_modules/webpack-dashboard/utils/format-modules.js","s":{"1":1,"2":1,"3":1,"4":0,"5":1,"6":0,"7":0,"8":1,"9":0,"10":0,"11":1,"12":0,"13":0,"14":0,"15":0,"16":0,"17":0,"18":1,"19":0,"20":0,"21":0,"22":0,"23":0,"24":1,"25":0,"26":0,"27":0,"28":0,"29":0,"30":0,"31":0,"32":0,"33":0,"34":0,"35":0,"36":0,"37":0,"38":0,"39":0,"40":0,"41":0,"42":0,"43":0,"44":1,"45":0,"46":0,"47":0,"48":0,"49":0,"50":0,"51":0,"52":0,"53":0,"54":0,"55":0,"56":0,"57":0,"58":0,"59":0,"60":0,"61":0,"62":0,"63":0,"64":0,"65":0,"66":0,"67":0,"68":0,"69":0,"70":0,"71":0,"72":0,"73":0,"74":0,"75":0,"76":0,"77":0,"78":0,"79":0,"80":0,"81":0,"82":0,"83":1},"b":{"1":[0,0],"2":[0,0],"3":[0,0],"4":[0,0],"5":[0,0],"6":[0,0],"7":[0,0],"8":[0,0],"9":[0,0],"10":[0,0]},"f":{"1":0,"2":0,"3":0,"4":0,"5":0,"6":0,"7":0,"8":0,"9":0,"10":0,"11":0,"12":0,"13":0,"14":0,"15":0},"fnMap":{"1":{"name":"getPosition","line":6,"loc":{"start":{"line":6,"column":0},"end":{"line":6,"column":40}}},"2":{"name":"modulePath","line":10,"loc":{"start":{"line":10,"column":0},"end":{"line":10,"column":32}}},"3":{"name":"moduleDirPath","line":15,"loc":{"start":{"line":15,"column":0},"end":{"line":15,"column":35}}},"4":{"name":"formatModules","line":20,"loc":{"start":{"line":20,"column":0},"end":{"line":20,"column":30}}},"5":{"name":"printTrees","line":31,"loc":{"start":{"line":31,"column":0},"end":{"line":31,"column":27}}},"6":{"name":"(anonymous_6)","line":35,"loc":{"start":{"line":35,"column":16},"end":{"line":35,"column":31}}},"7":{"name":"(anonymous_7)","line":36,"loc":{"start":{"line":36,"column":37},"end":{"line":36,"column":52}}},"8":{"name":"printDependencySizeTree","line":43,"loc":{"start":{"line":43,"column":0},"end":{"line":43,"column":56}}},"9":{"name":"(anonymous_9)","line":44,"loc":{"start":{"line":44,"column":42},"end":{"line":44,"column":57}}},"10":{"name":"bundleSizeTree","line":77,"loc":{"start":{"line":77,"column":0},"end":{"line":77,"column":31}}},"11":{"name":"(anonymous_11)","line":89,"loc":{"start":{"line":89,"column":34},"end":{"line":89,"column":48}}},"12":{"name":"(anonymous_12)","line":96,"loc":{"start":{"line":96,"column":15},"end":{"line":96,"column":30}}},"13":{"name":"(anonymous_13)","line":104,"loc":{"start":{"line":104,"column":18},"end":{"line":104,"column":32}}},"14":{"name":"(anonymous_14)","line":126,"loc":{"start":{"line":126,"column":21},"end":{"line":126,"column":35}}},"15":{"name":"(anonymous_15)","line":127,"loc":{"start":{"line":127,"column":44},"end":{"line":127,"column":60}}}},"statementMap":{"1":{"start":{"line":3,"column":0},"end":{"line":3,"column":35}},"2":{"start":{"line":4,"column":0},"end":{"line":4,"column":27}},"3":{"start":{"line":6,"column":0},"end":{"line":8,"column":1}},"4":{"start":{"line":7,"column":2},"end":{"line":7,"column":53}},"5":{"start":{"line":10,"column":0},"end":{"line":13,"column":1}},"6":{"start":{"line":11,"column":2},"end":{"line":11,"column":26}},"7":{"start":{"line":12,"column":2},"end":{"line":12,"column":45}},"8":{"start":{"line":15,"column":0},"end":{"line":18,"column":1}},"9":{"start":{"line":16,"column":2},"end":{"line":16,"column":89}},"10":{"start":{"line":17,"column":2},"end":{"line":17,"column":45}},"11":{"start":{"line":20,"column":0},"end":{"line":29,"column":1}},"12":{"start":{"line":21,"column":2},"end":{"line":21,"column":28}},"13":{"start":{"line":22,"column":2},"end":{"line":22,"column":12}},"14":{"start":{"line":23,"column":2},"end":{"line":27,"column":3}},"15":{"start":{"line":24,"column":4},"end":{"line":24,"column":46}},"16":{"start":{"line":26,"column":4},"end":{"line":26,"column":35}},"17":{"start":{"line":28,"column":2},"end":{"line":28,"column":27}},"18":{"start":{"line":31,"column":0},"end":{"line":41,"column":1}},"19":{"start":{"line":32,"column":2},"end":{"line":34,"column":4}},"20":{"start":{"line":35,"column":2},"end":{"line":39,"column":5}},"21":{"start":{"line":36,"column":4},"end":{"line":38,"column":7}},"22":{"start":{"line":37,"column":6},"end":{"line":37,"column":24}},"23":{"start":{"line":40,"column":2},"end":{"line":40,"column":16}},"24":{"start":{"line":43,"column":0},"end":{"line":75,"column":1}},"25":{"start":{"line":44,"column":2},"end":{"line":46,"column":5}},"26":{"start":{"line":45,"column":4},"end":{"line":45,"column":27}},"27":{"start":{"line":48,"column":2},"end":{"line":48,"column":28}},"28":{"start":{"line":49,"column":2},"end":{"line":49,"column":28}},"29":{"start":{"line":50,"column":2},"end":{"line":50,"column":24}},"30":{"start":{"line":52,"column":2},"end":{"line":52,"column":18}},"31":{"start":{"line":53,"column":2},"end":{"line":55,"column":3}},"32":{"start":{"line":54,"column":4},"end":{"line":54,"column":19}},"33":{"start":{"line":57,"column":2},"end":{"line":69,"column":3}},"34":{"start":{"line":58,"column":4},"end":{"line":58,"column":20}},"35":{"start":{"line":59,"column":4},"end":{"line":59,"column":67}},"36":{"start":{"line":60,"column":4},"end":{"line":60,"column":130}},"37":{"start":{"line":62,"column":4},"end":{"line":62,"column":56}},"38":{"start":{"line":64,"column":4},"end":{"line":64,"column":28}},"39":{"start":{"line":66,"column":4},"end":{"line":68,"column":5}},"40":{"start":{"line":67,"column":6},"end":{"line":67,"column":12}},"41":{"start":{"line":71,"column":2},"end":{"line":74,"column":3}},"42":{"start":{"line":72,"column":4},"end":{"line":72,"column":66}},"43":{"start":{"line":73,"column":4},"end":{"line":73,"column":91}},"44":{"start":{"line":77,"column":0},"end":{"line":153,"column":1}},"45":{"start":{"line":78,"column":2},"end":{"line":83,"column":4}},"46":{"start":{"line":85,"column":2},"end":{"line":87,"column":3}},"47":{"start":{"line":86,"column":4},"end":{"line":86,"column":38}},"48":{"start":{"line":89,"column":2},"end":{"line":94,"column":5}},"49":{"start":{"line":90,"column":4},"end":{"line":93,"column":6}},"50":{"start":{"line":96,"column":2},"end":{"line":102,"column":5}},"51":{"start":{"line":97,"column":4},"end":{"line":101,"column":5}},"52":{"start":{"line":98,"column":6},"end":{"line":98,"column":15}},"53":{"start":{"line":100,"column":6},"end":{"line":100,"column":28}},"54":{"start":{"line":104,"column":2},"end":{"line":150,"column":5}},"55":{"start":{"line":105,"column":4},"end":{"line":105,"column":93}},"56":{"start":{"line":106,"column":4},"end":{"line":106,"column":22}},"57":{"start":{"line":107,"column":4},"end":{"line":121,"column":5}},"58":{"start":{"line":108,"column":6},"end":{"line":108,"column":39}},"59":{"start":{"line":110,"column":6},"end":{"line":110,"column":30}},"60":{"start":{"line":111,"column":6},"end":{"line":115,"column":7}},"61":{"start":{"line":112,"column":8},"end":{"line":112,"column":103}},"62":{"start":{"line":114,"column":8},"end":{"line":114,"column":86}},"63":{"start":{"line":117,"column":6},"end":{"line":117,"column":37}},"64":{"start":{"line":118,"column":6},"end":{"line":118,"column":63}},"65":{"start":{"line":120,"column":6},"end":{"line":120,"column":29}},"66":{"start":{"line":122,"column":4},"end":{"line":122,"column":21}},"67":{"start":{"line":124,"column":4},"end":{"line":124,"column":27}},"68":{"start":{"line":125,"column":4},"end":{"line":125,"column":28}},"69":{"start":{"line":126,"column":4},"end":{"line":149,"column":7}},"70":{"start":{"line":127,"column":6},"end":{"line":129,"column":9}},"71":{"start":{"line":128,"column":8},"end":{"line":128,"column":40}},"72":{"start":{"line":130,"column":6},"end":{"line":130,"column":30}},"73":{"start":{"line":131,"column":6},"end":{"line":148,"column":7}},"74":{"start":{"line":132,"column":8},"end":{"line":132,"column":37}},"75":{"start":{"line":133,"column":8},"end":{"line":133,"column":29}},"76":{"start":{"line":135,"column":8},"end":{"line":139,"column":9}},"77":{"start":{"line":136,"column":10},"end":{"line":136,"column":95}},"78":{"start":{"line":138,"column":10},"end":{"line":138,"column":29}},"79":{"start":{"line":140,"column":8},"end":{"line":145,"column":10}},"80":{"start":{"line":146,"column":8},"end":{"line":146,"column":39}},"81":{"start":{"line":147,"column":8},"end":{"line":147,"column":26}},"82":{"start":{"line":152,"column":2},"end":{"line":152,"column":19}},"83":{"start":{"line":155,"column":0},"end":{"line":155,"column":31}}},"branchMap":{"1":{"line":23,"type":"if","locations":[{"start":{"line":23,"column":2},"end":{"line":23,"column":2}},{"start":{"line":23,"column":2},"end":{"line":23,"column":2}}]},"2":{"line":66,"type":"if","locations":[{"start":{"line":66,"column":4},"end":{"line":66,"column":4}},{"start":{"line":66,"column":4},"end":{"line":66,"column":4}}]},"3":{"line":71,"type":"if","locations":[{"start":{"line":71,"column":2},"end":{"line":71,"column":2}},{"start":{"line":71,"column":2},"end":{"line":71,"column":2}}]},"4":{"line":71,"type":"binary-expr","locations":[{"start":{"line":71,"column":6},"end":{"line":71,"column":17}},{"start":{"line":71,"column":21},"end":{"line":71,"column":44}}]},"5":{"line":85,"type":"if","locations":[{"start":{"line":85,"column":2},"end":{"line":85,"column":2}},{"start":{"line":85,"column":2},"end":{"line":85,"column":2}}]},"6":{"line":97,"type":"if","locations":[{"start":{"line":97,"column":4},"end":{"line":97,"column":4}},{"start":{"line":97,"column":4},"end":{"line":97,"column":4}}]},"7":{"line":100,"type":"cond-expr","locations":[{"start":{"line":100,"column":21},"end":{"line":100,"column":23}},{"start":{"line":100,"column":26},"end":{"line":100,"column":27}}]},"8":{"line":107,"type":"if","locations":[{"start":{"line":107,"column":4},"end":{"line":107,"column":4}},{"start":{"line":107,"column":4},"end":{"line":107,"column":4}}]},"9":{"line":111,"type":"if","locations":[{"start":{"line":111,"column":6},"end":{"line":111,"column":6}},{"start":{"line":111,"column":6},"end":{"line":111,"column":6}}]},"10":{"line":131,"type":"if","locations":[{"start":{"line":131,"column":6},"end":{"line":131,"column":6}},{"start":{"line":131,"column":6},"end":{"line":131,"column":6}}]}},"code":["\"use strict\";","","var filesize = require('filesize');","var path = require('path');","","function getPosition(string, needle, i) {","  return string.split(needle, i).join(needle).length;","}","","function modulePath(identifier) {","  var loaderRegex = /.*!/;","  return identifier.replace(loaderRegex, '');","}","","function moduleDirPath(modulePath) {","  var moduleDirRegex = new RegExp('(.*?node_modules\\\\' + path.sep + '.*?)\\\\' + path.sep);","  return modulePath.match(moduleDirRegex)[1];","}","","function formatModules(stats) {","  var json = stats.toJson();","  var trees;","  if (!json.hasOwnProperty('modules')) {","    trees = json.children.map(bundleSizeTree);","  } else {","    trees = [bundleSizeTree(json)];","  }","  return printTrees(trees);","}","","function printTrees(trees) {","  var output = [","    ['Name', 'Size', 'Percentage']","  ];","  trees.forEach(function(tree) {","    printDependencySizeTree(tree, 0, function(data) {","      output.push(data);","    });","  });","  return output;","}","","function printDependencySizeTree(node, depth, outputFn) {","  var childrenBySize = node.children.sort(function(a, b) {","    return b.size - a.size;","  });","","  var totalSize = node.size;","  var remainder = totalSize;","  var includedCount = 0;","","  var prefix = '';","  for (var i=0; i < depth; i++) {","    prefix += '  ';","  }","","  for (var child of childrenBySize) {","    ++includedCount;","    var percentage = ((child.size/totalSize) * 100).toPrecision(3);","    outputFn([prefix + child.packageName + \"@\" + child.packageVersion, prefix + filesize(child.size), prefix + percentage + \"%\"]);","","    printDependencySizeTree(child, depth + 1, outputFn);","","    remainder -= child.size;","","    if (remainder < 0.01 * totalSize) {","      break;","    }","  }","","  if (depth === 0 || remainder !== totalSize) {","    var percentage = ((remainder/totalSize) * 100).toPrecision(3);","    outputFn([prefix + \"<self>\", prefix + filesize(remainder), prefix + percentage + \"%\"]);","  }","}","","function bundleSizeTree(stats) {","  var statsTree = {","    packageName: '<root>',","    packageVersion: '',","    size: 0,","    children: []","  };","","  if (stats.name) {","    statsTree.bundleName = stats.name;","  }","","  var modules = stats.modules.map(function(mod) {","    return {","      path: modulePath(mod.identifier),","      size: mod.size","    };","  });","","  modules.sort(function(a, b) {","    if (a === b) {","      return 0;","    } else {","      return a < b ? -1 : 1;","    }","  });","","  modules.forEach(function(mod) {","    var packages = mod.path.split(new RegExp('\\\\' + path.sep + 'node_modules\\\\' + path.sep));","    var filename = '';","    if (packages.length > 1) {","      var lastSegment = packages.pop();","","      var lastPackageName = ''","      if (lastSegment.indexOf('@')) {","        lastPackageName = lastSegment.slice(0, lastSegment.search(new RegExp('\\\\' + path.sep + '|$')));","      } else {","        lastPackageName = lastSegment.slice(0, getPosition(lastSegment, path.sep, 2));","      }","","      packages.push(lastPackageName);","      filename = lastSegment.slice(lastPackageName.length + 1);","    } else {","      filename = packages[0];","    }","    packages.shift();","","    var parent = statsTree;","    parent.size += mod.size;","    packages.forEach(function(pkg) {","      var existing = parent.children.filter(function(child) {","        return child.packageName === pkg","      });","      var packageVersion = '';","      if (existing.length > 0) {","        existing[0].size += mod.size;","        parent = existing[0];","      } else {","        try {","          packageVersion = require(path.join(moduleDirPath(mod.path), 'package.json')).version;","        } catch (err) {","          packageVersion = ''","        }","        var newChild = {","          packageName: pkg,","          packageVersion: packageVersion,","          size: mod.size,","          children: []","        };","        parent.children.push(newChild);","        parent = newChild;","      }","    });","  });","","  return statsTree;","}","","module.exports = formatModules;",""],"l":{"3":1,"4":1,"6":1,"7":0,"10":1,"11":0,"12":0,"15":1,"16":0,"17":0,"20":1,"21":0,"22":0,"23":0,"24":0,"26":0,"28":0,"31":1,"32":0,"35":0,"36":0,"37":0,"40":0,"43":1,"44":0,"45":0,"48":0,"49":0,"50":0,"52":0,"53":0,"54":0,"57":0,"58":0,"59":0,"60":0,"62":0,"64":0,"66":0,"67":0,"71":0,"72":0,"73":0,"77":1,"78":0,"85":0,"86":0,"89":0,"90":0,"96":0,"97":0,"98":0,"100":0,"104":0,"105":0,"106":0,"107":0,"108":0,"110":0,"111":0,"112":0,"114":0,"117":0,"118":0,"120":0,"122":0,"124":0,"125":0,"126":0,"127":0,"128":0,"130":0,"131":0,"132":0,"133":0,"135":0,"136":0,"138":0,"140":0,"146":0,"147":0,"152":0,"155":1}},"/home/travis/build/npmtest/node-npmtest-webpack-dashboard/node_modules/webpack-dashboard/utils/format-assets.js":{"path":"/home/travis/build/npmtest/node-npmtest-webpack-dashboard/node_modules/webpack-dashboard/utils/format-assets.js","s":{"1":1,"2":1,"3":0,"4":0,"5":0,"6":0,"7":0,"8":0,"9":1,"10":0,"11":1,"12":0,"13":0,"14":0,"15":0,"16":0,"17":0,"18":0,"19":0,"20":0,"21":1},"b":{"1":[0,0],"2":[0,0]},"f":{"1":0,"2":0,"3":0,"4":0,"5":0},"fnMap":{"1":{"name":"formatAssets","line":5,"loc":{"start":{"line":5,"column":0},"end":{"line":5,"column":29}}},"2":{"name":"getAssets","line":16,"loc":{"start":{"line":16,"column":0},"end":{"line":16,"column":26}}},"3":{"name":"printAssets","line":20,"loc":{"start":{"line":20,"column":0},"end":{"line":20,"column":27}}},"4":{"name":"(anonymous_4)","line":25,"loc":{"start":{"line":25,"column":15},"end":{"line":25,"column":32}}},"5":{"name":"(anonymous_5)","line":26,"loc":{"start":{"line":26,"column":19},"end":{"line":26,"column":35}}}},"statementMap":{"1":{"start":{"line":3,"column":0},"end":{"line":3,"column":35}},"2":{"start":{"line":5,"column":0},"end":{"line":14,"column":1}},"3":{"start":{"line":6,"column":2},"end":{"line":6,"column":28}},"4":{"start":{"line":7,"column":2},"end":{"line":7,"column":11}},"5":{"start":{"line":8,"column":2},"end":{"line":12,"column":3}},"6":{"start":{"line":9,"column":4},"end":{"line":9,"column":40}},"7":{"start":{"line":11,"column":4},"end":{"line":11,"column":29}},"8":{"start":{"line":13,"column":2},"end":{"line":13,"column":27}},"9":{"start":{"line":16,"column":0},"end":{"line":18,"column":1}},"10":{"start":{"line":17,"column":2},"end":{"line":17,"column":22}},"11":{"start":{"line":20,"column":0},"end":{"line":37,"column":1}},"12":{"start":{"line":21,"column":2},"end":{"line":21,"column":16}},"13":{"start":{"line":22,"column":2},"end":{"line":24,"column":4}},"14":{"start":{"line":25,"column":2},"end":{"line":32,"column":5}},"15":{"start":{"line":26,"column":4},"end":{"line":31,"column":7}},"16":{"start":{"line":27,"column":6},"end":{"line":30,"column":7}},"17":{"start":{"line":28,"column":8},"end":{"line":28,"column":28}},"18":{"start":{"line":29,"column":8},"end":{"line":29,"column":56}},"19":{"start":{"line":34,"column":2},"end":{"line":34,"column":42}},"20":{"start":{"line":36,"column":2},"end":{"line":36,"column":16}},"21":{"start":{"line":39,"column":0},"end":{"line":39,"column":30}}},"branchMap":{"1":{"line":8,"type":"if","locations":[{"start":{"line":8,"column":2},"end":{"line":8,"column":2}},{"start":{"line":8,"column":2},"end":{"line":8,"column":2}}]},"2":{"line":27,"type":"if","locations":[{"start":{"line":27,"column":6},"end":{"line":27,"column":6}},{"start":{"line":27,"column":6},"end":{"line":27,"column":6}}]}},"code":["\"use strict\";","","var filesize = require('filesize');","","function formatAssets(stats) {","  var json = stats.toJson();","  var tree;","  if (!json.hasOwnProperty('assets')) {","    tree = json.children.map(getAssets);","  } else {","    tree = [getAssets(json)];","  }","  return printAssets(tree);","}","","function getAssets(stats) {","  return stats.assets;","}","","function printAssets(tree) {","  var total = 0;","  var output = [","    ['Name', 'Size']","  ];","  tree.forEach(function(assets) {","    assets.forEach(function(asset) {","      if ( asset.name.indexOf('hot-update') < 0 ) {","        total += asset.size;","        output.push([asset.name, filesize(asset.size)]);","      }","    });","  });","","  output.push(['Total', filesize(total)]);","","  return output;","}","","module.exports = formatAssets;",""],"l":{"3":1,"5":1,"6":0,"7":0,"8":0,"9":0,"11":0,"13":0,"16":1,"17":0,"20":1,"21":0,"22":0,"25":0,"26":0,"27":0,"28":0,"29":0,"34":0,"36":0,"39":1}}}